18:16:37,403  INFO Version:45 - HHH000412: Hibernate Core {5.2.6.Final}
18:16:37,406  INFO Environment:213 - HHH000206: hibernate.properties not found
18:16:37,431  WARN deprecation:91 - HHH90000012: Recognized obsolete hibernate namespace http://hibernate.sourceforge.net/hibernate-configuration. Use namespace http://www.hibernate.org/dtd/hibernate-configuration instead.  Support for obsolete DTD/XSD namespaces may be removed at any time.
18:16:37,615  INFO Version:66 - HCANN000001: Hibernate Commons Annotations {5.0.1.Final}
18:16:37,623  WARN deprecation:75 - HHH90000012: Recognized obsolete hibernate namespace http://hibernate.sourceforge.net/hibernate-mapping. Use namespace http://www.hibernate.org/dtd/hibernate-mapping instead.  Support for obsolete DTD/XSD namespaces may be removed at any time.
18:16:38,361  WARN deprecation:75 - HHH90000012: Recognized obsolete hibernate namespace http://hibernate.sourceforge.net/hibernate-mapping. Use namespace http://www.hibernate.org/dtd/hibernate-mapping instead.  Support for obsolete DTD/XSD namespaces may be removed at any time.
18:16:38,383 DEBUG BasicTypeRegistry:145 - Adding type registration boolean -> org.hibernate.type.BooleanType@2fb3536e
18:16:38,384 DEBUG BasicTypeRegistry:145 - Adding type registration boolean -> org.hibernate.type.BooleanType@2fb3536e
18:16:38,384 DEBUG BasicTypeRegistry:145 - Adding type registration java.lang.Boolean -> org.hibernate.type.BooleanType@2fb3536e
18:16:38,385 DEBUG BasicTypeRegistry:145 - Adding type registration numeric_boolean -> org.hibernate.type.NumericBooleanType@22ef9844
18:16:38,386 DEBUG BasicTypeRegistry:145 - Adding type registration true_false -> org.hibernate.type.TrueFalseType@2f217633
18:16:38,386 DEBUG BasicTypeRegistry:145 - Adding type registration yes_no -> org.hibernate.type.YesNoType@5acf93bb
18:16:38,388 DEBUG BasicTypeRegistry:145 - Adding type registration byte -> org.hibernate.type.ByteType@1af2d44a
18:16:38,388 DEBUG BasicTypeRegistry:145 - Adding type registration byte -> org.hibernate.type.ByteType@1af2d44a
18:16:38,388 DEBUG BasicTypeRegistry:145 - Adding type registration java.lang.Byte -> org.hibernate.type.ByteType@1af2d44a
18:16:38,389 DEBUG BasicTypeRegistry:145 - Adding type registration character -> org.hibernate.type.CharacterType@f5acb9d
18:16:38,390 DEBUG BasicTypeRegistry:145 - Adding type registration char -> org.hibernate.type.CharacterType@f5acb9d
18:16:38,390 DEBUG BasicTypeRegistry:145 - Adding type registration java.lang.Character -> org.hibernate.type.CharacterType@f5acb9d
18:16:38,391 DEBUG BasicTypeRegistry:145 - Adding type registration short -> org.hibernate.type.ShortType@741a8937
18:16:38,391 DEBUG BasicTypeRegistry:145 - Adding type registration short -> org.hibernate.type.ShortType@741a8937
18:16:38,391 DEBUG BasicTypeRegistry:145 - Adding type registration java.lang.Short -> org.hibernate.type.ShortType@741a8937
18:16:38,392 DEBUG BasicTypeRegistry:145 - Adding type registration integer -> org.hibernate.type.IntegerType@bae7dc0
18:16:38,392 DEBUG BasicTypeRegistry:145 - Adding type registration int -> org.hibernate.type.IntegerType@bae7dc0
18:16:38,393 DEBUG BasicTypeRegistry:145 - Adding type registration java.lang.Integer -> org.hibernate.type.IntegerType@bae7dc0
18:16:38,394 DEBUG BasicTypeRegistry:145 - Adding type registration long -> org.hibernate.type.LongType@43dac38f
18:16:38,394 DEBUG BasicTypeRegistry:145 - Adding type registration long -> org.hibernate.type.LongType@43dac38f
18:16:38,394 DEBUG BasicTypeRegistry:145 - Adding type registration java.lang.Long -> org.hibernate.type.LongType@43dac38f
18:16:38,395 DEBUG BasicTypeRegistry:145 - Adding type registration float -> org.hibernate.type.FloatType@7c711375
18:16:38,395 DEBUG BasicTypeRegistry:145 - Adding type registration float -> org.hibernate.type.FloatType@7c711375
18:16:38,396 DEBUG BasicTypeRegistry:145 - Adding type registration java.lang.Float -> org.hibernate.type.FloatType@7c711375
18:16:38,397 DEBUG BasicTypeRegistry:145 - Adding type registration double -> org.hibernate.type.DoubleType@3ee37e5a
18:16:38,397 DEBUG BasicTypeRegistry:145 - Adding type registration double -> org.hibernate.type.DoubleType@3ee37e5a
18:16:38,397 DEBUG BasicTypeRegistry:145 - Adding type registration java.lang.Double -> org.hibernate.type.DoubleType@3ee37e5a
18:16:38,398 DEBUG BasicTypeRegistry:145 - Adding type registration big_decimal -> org.hibernate.type.BigDecimalType@53ce1329
18:16:38,398 DEBUG BasicTypeRegistry:145 - Adding type registration java.math.BigDecimal -> org.hibernate.type.BigDecimalType@53ce1329
18:16:38,399 DEBUG BasicTypeRegistry:145 - Adding type registration big_integer -> org.hibernate.type.BigIntegerType@729d991e
18:16:38,399 DEBUG BasicTypeRegistry:145 - Adding type registration java.math.BigInteger -> org.hibernate.type.BigIntegerType@729d991e
18:16:38,400 DEBUG BasicTypeRegistry:145 - Adding type registration string -> org.hibernate.type.StringType@4dbb42b7
18:16:38,401 DEBUG BasicTypeRegistry:145 - Adding type registration java.lang.String -> org.hibernate.type.StringType@4dbb42b7
18:16:38,401 DEBUG BasicTypeRegistry:145 - Adding type registration nstring -> org.hibernate.type.StringNVarcharType@7bab3f1a
18:16:38,402 DEBUG BasicTypeRegistry:145 - Adding type registration ncharacter -> org.hibernate.type.CharacterNCharType@12aba8be
18:16:38,403 DEBUG BasicTypeRegistry:145 - Adding type registration url -> org.hibernate.type.UrlType@71a8adcf
18:16:38,403 DEBUG BasicTypeRegistry:145 - Adding type registration java.net.URL -> org.hibernate.type.UrlType@71a8adcf
18:16:38,404 DEBUG BasicTypeRegistry:145 - Adding type registration Duration -> org.hibernate.type.DurationType@47e2e487
18:16:38,405 DEBUG BasicTypeRegistry:145 - Adding type registration java.time.Duration -> org.hibernate.type.DurationType@47e2e487
18:16:38,416 DEBUG BasicTypeRegistry:145 - Adding type registration Instant -> org.hibernate.type.InstantType@52b1beb6
18:16:38,416 DEBUG BasicTypeRegistry:145 - Adding type registration java.time.Instant -> org.hibernate.type.InstantType@52b1beb6
18:16:38,417 DEBUG BasicTypeRegistry:145 - Adding type registration LocalDateTime -> org.hibernate.type.LocalDateTimeType@73e9cf30
18:16:38,417 DEBUG BasicTypeRegistry:145 - Adding type registration java.time.LocalDateTime -> org.hibernate.type.LocalDateTimeType@73e9cf30
18:16:38,419 DEBUG BasicTypeRegistry:145 - Adding type registration LocalDate -> org.hibernate.type.LocalDateType@1ed6388a
18:16:38,419 DEBUG BasicTypeRegistry:145 - Adding type registration java.time.LocalDate -> org.hibernate.type.LocalDateType@1ed6388a
18:16:38,420 DEBUG BasicTypeRegistry:145 - Adding type registration LocalTime -> org.hibernate.type.LocalTimeType@5e600dd5
18:16:38,421 DEBUG BasicTypeRegistry:145 - Adding type registration java.time.LocalTime -> org.hibernate.type.LocalTimeType@5e600dd5
18:16:38,422 DEBUG BasicTypeRegistry:145 - Adding type registration OffsetDateTime -> org.hibernate.type.OffsetDateTimeType@4d5650ae
18:16:38,422 DEBUG BasicTypeRegistry:145 - Adding type registration java.time.OffsetDateTime -> org.hibernate.type.OffsetDateTimeType@4d5650ae
18:16:38,423 DEBUG BasicTypeRegistry:145 - Adding type registration OffsetTime -> org.hibernate.type.OffsetTimeType@6221a451
18:16:38,423 DEBUG BasicTypeRegistry:145 - Adding type registration java.time.OffsetTime -> org.hibernate.type.OffsetTimeType@6221a451
18:16:38,425 DEBUG BasicTypeRegistry:145 - Adding type registration ZonedDateTime -> org.hibernate.type.ZonedDateTimeType@f09733f
18:16:38,425 DEBUG BasicTypeRegistry:145 - Adding type registration java.time.ZonedDateTime -> org.hibernate.type.ZonedDateTimeType@f09733f
18:16:38,427 DEBUG BasicTypeRegistry:145 - Adding type registration date -> org.hibernate.type.DateType@1ffaf86
18:16:38,427 DEBUG BasicTypeRegistry:145 - Adding type registration java.sql.Date -> org.hibernate.type.DateType@1ffaf86
18:16:38,428 DEBUG BasicTypeRegistry:145 - Adding type registration time -> org.hibernate.type.TimeType@20140db9
18:16:38,428 DEBUG BasicTypeRegistry:145 - Adding type registration java.sql.Time -> org.hibernate.type.TimeType@20140db9
18:16:38,429 DEBUG BasicTypeRegistry:145 - Adding type registration timestamp -> org.hibernate.type.TimestampType@55a147cc
18:16:38,429 DEBUG BasicTypeRegistry:145 - Adding type registration java.sql.Timestamp -> org.hibernate.type.TimestampType@55a147cc
18:16:38,429 DEBUG BasicTypeRegistry:145 - Adding type registration java.util.Date -> org.hibernate.type.TimestampType@55a147cc
18:16:38,430 DEBUG BasicTypeRegistry:145 - Adding type registration dbtimestamp -> org.hibernate.type.DbTimestampType@3c77d488
18:16:38,431 DEBUG BasicTypeRegistry:145 - Adding type registration calendar -> org.hibernate.type.CalendarType@5ab956d7
18:16:38,431 DEBUG BasicTypeRegistry:145 - Adding type registration java.util.Calendar -> org.hibernate.type.CalendarType@5ab956d7
18:16:38,431 DEBUG BasicTypeRegistry:145 - Adding type registration java.util.GregorianCalendar -> org.hibernate.type.CalendarType@5ab956d7
18:16:38,432 DEBUG BasicTypeRegistry:145 - Adding type registration calendar_date -> org.hibernate.type.CalendarDateType@3e27aa33
18:16:38,433 DEBUG BasicTypeRegistry:145 - Adding type registration locale -> org.hibernate.type.LocaleType@46cdf8bd
18:16:38,433 DEBUG BasicTypeRegistry:145 - Adding type registration java.util.Locale -> org.hibernate.type.LocaleType@46cdf8bd
18:16:38,433 DEBUG BasicTypeRegistry:145 - Adding type registration currency -> org.hibernate.type.CurrencyType@644baf4a
18:16:38,433 DEBUG BasicTypeRegistry:145 - Adding type registration java.util.Currency -> org.hibernate.type.CurrencyType@644baf4a
18:16:38,434 DEBUG BasicTypeRegistry:145 - Adding type registration timezone -> org.hibernate.type.TimeZoneType@2a265ea9
18:16:38,434 DEBUG BasicTypeRegistry:145 - Adding type registration java.util.TimeZone -> org.hibernate.type.TimeZoneType@2a265ea9
18:16:38,435 DEBUG BasicTypeRegistry:145 - Adding type registration class -> org.hibernate.type.ClassType@2e8c1c9b
18:16:38,435 DEBUG BasicTypeRegistry:145 - Adding type registration java.lang.Class -> org.hibernate.type.ClassType@2e8c1c9b
18:16:38,436 DEBUG BasicTypeRegistry:145 - Adding type registration uuid-binary -> org.hibernate.type.UUIDBinaryType@4b741d6d
18:16:38,436 DEBUG BasicTypeRegistry:145 - Adding type registration java.util.UUID -> org.hibernate.type.UUIDBinaryType@4b741d6d
18:16:38,436 DEBUG BasicTypeRegistry:145 - Adding type registration uuid-char -> org.hibernate.type.UUIDCharType@470734c3
18:16:38,437 DEBUG BasicTypeRegistry:145 - Adding type registration binary -> org.hibernate.type.BinaryType@25ce9dc4
18:16:38,437 DEBUG BasicTypeRegistry:145 - Adding type registration byte[] -> org.hibernate.type.BinaryType@25ce9dc4
18:16:38,437 DEBUG BasicTypeRegistry:145 - Adding type registration [B -> org.hibernate.type.BinaryType@25ce9dc4
18:16:38,438 DEBUG BasicTypeRegistry:145 - Adding type registration wrapper-binary -> org.hibernate.type.WrapperBinaryType@2af004b
18:16:38,438 DEBUG BasicTypeRegistry:145 - Adding type registration Byte[] -> org.hibernate.type.WrapperBinaryType@2af004b
18:16:38,438 DEBUG BasicTypeRegistry:145 - Adding type registration [Ljava.lang.Byte; -> org.hibernate.type.WrapperBinaryType@2af004b
18:16:38,439 DEBUG BasicTypeRegistry:145 - Adding type registration row_version -> org.hibernate.type.RowVersionType@563f38c4
18:16:38,440 DEBUG BasicTypeRegistry:145 - Adding type registration image -> org.hibernate.type.ImageType@7ef82753
18:16:38,440 DEBUG BasicTypeRegistry:145 - Adding type registration characters -> org.hibernate.type.CharArrayType@58cbafc2
18:16:38,441 DEBUG BasicTypeRegistry:145 - Adding type registration char[] -> org.hibernate.type.CharArrayType@58cbafc2
18:16:38,441 DEBUG BasicTypeRegistry:145 - Adding type registration [C -> org.hibernate.type.CharArrayType@58cbafc2
18:16:38,442 DEBUG BasicTypeRegistry:145 - Adding type registration wrapper-characters -> org.hibernate.type.CharacterArrayType@74e28667
18:16:38,442 DEBUG BasicTypeRegistry:145 - Adding type registration [Ljava.lang.Character; -> org.hibernate.type.CharacterArrayType@74e28667
18:16:38,442 DEBUG BasicTypeRegistry:145 - Adding type registration Character[] -> org.hibernate.type.CharacterArrayType@74e28667
18:16:38,443 DEBUG BasicTypeRegistry:145 - Adding type registration text -> org.hibernate.type.TextType@53045c6c
18:16:38,443 DEBUG BasicTypeRegistry:145 - Adding type registration ntext -> org.hibernate.type.NTextType@548d708a
18:16:38,446 DEBUG BasicTypeRegistry:145 - Adding type registration blob -> org.hibernate.type.BlobType@5f049ea1
18:16:38,446 DEBUG BasicTypeRegistry:145 - Adding type registration java.sql.Blob -> org.hibernate.type.BlobType@5f049ea1
18:16:38,447 DEBUG BasicTypeRegistry:145 - Adding type registration materialized_blob -> org.hibernate.type.MaterializedBlobType@72035809
18:16:38,449 DEBUG BasicTypeRegistry:145 - Adding type registration clob -> org.hibernate.type.ClobType@402c4085
18:16:38,450 DEBUG BasicTypeRegistry:145 - Adding type registration java.sql.Clob -> org.hibernate.type.ClobType@402c4085
18:16:38,452 DEBUG BasicTypeRegistry:145 - Adding type registration nclob -> org.hibernate.type.NClobType@183ec003
18:16:38,452 DEBUG BasicTypeRegistry:145 - Adding type registration java.sql.NClob -> org.hibernate.type.NClobType@183ec003
18:16:38,453 DEBUG BasicTypeRegistry:145 - Adding type registration materialized_clob -> org.hibernate.type.MaterializedClobType@451001e5
18:16:38,453 DEBUG BasicTypeRegistry:145 - Adding type registration materialized_nclob -> org.hibernate.type.MaterializedNClobType@4d1c005e
18:16:38,454 DEBUG BasicTypeRegistry:145 - Adding type registration serializable -> org.hibernate.type.SerializableType@7188af83
18:16:38,456 DEBUG BasicTypeRegistry:145 - Adding type registration object -> org.hibernate.type.ObjectType@792b749c
18:16:38,456 DEBUG BasicTypeRegistry:145 - Adding type registration java.lang.Object -> org.hibernate.type.ObjectType@792b749c
18:16:38,456 DEBUG BasicTypeRegistry:145 - Adding type registration imm_date -> org.hibernate.type.AdaptedImmutableType@73eb439a
18:16:38,456 DEBUG BasicTypeRegistry:145 - Adding type registration imm_time -> org.hibernate.type.AdaptedImmutableType@514646ef
18:16:38,457 DEBUG BasicTypeRegistry:145 - Adding type registration imm_timestamp -> org.hibernate.type.AdaptedImmutableType@305ffe9e
18:16:38,457 DEBUG BasicTypeRegistry:145 - Adding type registration imm_dbtimestamp -> org.hibernate.type.AdaptedImmutableType@302c971f
18:16:38,457 DEBUG BasicTypeRegistry:145 - Adding type registration imm_calendar -> org.hibernate.type.AdaptedImmutableType@1972e513
18:16:38,457 DEBUG BasicTypeRegistry:145 - Adding type registration imm_calendar_date -> org.hibernate.type.AdaptedImmutableType@7ae0a9ec
18:16:38,457 DEBUG BasicTypeRegistry:145 - Adding type registration imm_binary -> org.hibernate.type.AdaptedImmutableType@35841320
18:16:38,457 DEBUG BasicTypeRegistry:145 - Adding type registration imm_serializable -> org.hibernate.type.AdaptedImmutableType@61c4eee0
18:16:38,464  WARN pooling:70 - HHH10001002: Using Hibernate built-in connection pool (not for production use!)
18:16:38,465  INFO pooling:126 - HHH10001005: using driver [null] at URL [jdbc:mysql://localhost:3306/mkyong]
18:16:38,465  INFO pooling:135 - HHH10001001: Connection properties: {user=root, password=****}
18:16:38,465  INFO pooling:140 - HHH10001003: Autocommit mode: false
18:16:38,471  INFO DriverManagerConnectionProviderImpl:41 - HHH000115: Hibernate connection pool size: 20 (min=1)
18:16:57,526  INFO Version:45 - HHH000412: Hibernate Core {5.2.6.Final}
18:16:57,529  INFO Environment:213 - HHH000206: hibernate.properties not found
18:16:57,555  WARN deprecation:91 - HHH90000012: Recognized obsolete hibernate namespace http://hibernate.sourceforge.net/hibernate-configuration. Use namespace http://www.hibernate.org/dtd/hibernate-configuration instead.  Support for obsolete DTD/XSD namespaces may be removed at any time.
18:16:57,740  INFO Version:66 - HCANN000001: Hibernate Commons Annotations {5.0.1.Final}
18:16:57,749  WARN deprecation:75 - HHH90000012: Recognized obsolete hibernate namespace http://hibernate.sourceforge.net/hibernate-mapping. Use namespace http://www.hibernate.org/dtd/hibernate-mapping instead.  Support for obsolete DTD/XSD namespaces may be removed at any time.
18:16:58,464  WARN deprecation:75 - HHH90000012: Recognized obsolete hibernate namespace http://hibernate.sourceforge.net/hibernate-mapping. Use namespace http://www.hibernate.org/dtd/hibernate-mapping instead.  Support for obsolete DTD/XSD namespaces may be removed at any time.
18:16:58,489 DEBUG BasicTypeRegistry:145 - Adding type registration boolean -> org.hibernate.type.BooleanType@2fb3536e
18:16:58,489 DEBUG BasicTypeRegistry:145 - Adding type registration boolean -> org.hibernate.type.BooleanType@2fb3536e
18:16:58,489 DEBUG BasicTypeRegistry:145 - Adding type registration java.lang.Boolean -> org.hibernate.type.BooleanType@2fb3536e
18:16:58,490 DEBUG BasicTypeRegistry:145 - Adding type registration numeric_boolean -> org.hibernate.type.NumericBooleanType@22ef9844
18:16:58,491 DEBUG BasicTypeRegistry:145 - Adding type registration true_false -> org.hibernate.type.TrueFalseType@2f217633
18:16:58,491 DEBUG BasicTypeRegistry:145 - Adding type registration yes_no -> org.hibernate.type.YesNoType@5acf93bb
18:16:58,493 DEBUG BasicTypeRegistry:145 - Adding type registration byte -> org.hibernate.type.ByteType@1af2d44a
18:16:58,493 DEBUG BasicTypeRegistry:145 - Adding type registration byte -> org.hibernate.type.ByteType@1af2d44a
18:16:58,493 DEBUG BasicTypeRegistry:145 - Adding type registration java.lang.Byte -> org.hibernate.type.ByteType@1af2d44a
18:16:58,494 DEBUG BasicTypeRegistry:145 - Adding type registration character -> org.hibernate.type.CharacterType@f5acb9d
18:16:58,495 DEBUG BasicTypeRegistry:145 - Adding type registration char -> org.hibernate.type.CharacterType@f5acb9d
18:16:58,495 DEBUG BasicTypeRegistry:145 - Adding type registration java.lang.Character -> org.hibernate.type.CharacterType@f5acb9d
18:16:58,496 DEBUG BasicTypeRegistry:145 - Adding type registration short -> org.hibernate.type.ShortType@741a8937
18:16:58,496 DEBUG BasicTypeRegistry:145 - Adding type registration short -> org.hibernate.type.ShortType@741a8937
18:16:58,497 DEBUG BasicTypeRegistry:145 - Adding type registration java.lang.Short -> org.hibernate.type.ShortType@741a8937
18:16:58,498 DEBUG BasicTypeRegistry:145 - Adding type registration integer -> org.hibernate.type.IntegerType@bae7dc0
18:16:58,498 DEBUG BasicTypeRegistry:145 - Adding type registration int -> org.hibernate.type.IntegerType@bae7dc0
18:16:58,498 DEBUG BasicTypeRegistry:145 - Adding type registration java.lang.Integer -> org.hibernate.type.IntegerType@bae7dc0
18:16:58,499 DEBUG BasicTypeRegistry:145 - Adding type registration long -> org.hibernate.type.LongType@43dac38f
18:16:58,499 DEBUG BasicTypeRegistry:145 - Adding type registration long -> org.hibernate.type.LongType@43dac38f
18:16:58,499 DEBUG BasicTypeRegistry:145 - Adding type registration java.lang.Long -> org.hibernate.type.LongType@43dac38f
18:16:58,501 DEBUG BasicTypeRegistry:145 - Adding type registration float -> org.hibernate.type.FloatType@7c711375
18:16:58,501 DEBUG BasicTypeRegistry:145 - Adding type registration float -> org.hibernate.type.FloatType@7c711375
18:16:58,501 DEBUG BasicTypeRegistry:145 - Adding type registration java.lang.Float -> org.hibernate.type.FloatType@7c711375
18:16:58,502 DEBUG BasicTypeRegistry:145 - Adding type registration double -> org.hibernate.type.DoubleType@3ee37e5a
18:16:58,502 DEBUG BasicTypeRegistry:145 - Adding type registration double -> org.hibernate.type.DoubleType@3ee37e5a
18:16:58,502 DEBUG BasicTypeRegistry:145 - Adding type registration java.lang.Double -> org.hibernate.type.DoubleType@3ee37e5a
18:16:58,504 DEBUG BasicTypeRegistry:145 - Adding type registration big_decimal -> org.hibernate.type.BigDecimalType@53ce1329
18:16:58,504 DEBUG BasicTypeRegistry:145 - Adding type registration java.math.BigDecimal -> org.hibernate.type.BigDecimalType@53ce1329
18:16:58,505 DEBUG BasicTypeRegistry:145 - Adding type registration big_integer -> org.hibernate.type.BigIntegerType@729d991e
18:16:58,505 DEBUG BasicTypeRegistry:145 - Adding type registration java.math.BigInteger -> org.hibernate.type.BigIntegerType@729d991e
18:16:58,506 DEBUG BasicTypeRegistry:145 - Adding type registration string -> org.hibernate.type.StringType@4dbb42b7
18:16:58,507 DEBUG BasicTypeRegistry:145 - Adding type registration java.lang.String -> org.hibernate.type.StringType@4dbb42b7
18:16:58,508 DEBUG BasicTypeRegistry:145 - Adding type registration nstring -> org.hibernate.type.StringNVarcharType@7bab3f1a
18:16:58,508 DEBUG BasicTypeRegistry:145 - Adding type registration ncharacter -> org.hibernate.type.CharacterNCharType@12aba8be
18:16:58,510 DEBUG BasicTypeRegistry:145 - Adding type registration url -> org.hibernate.type.UrlType@71a8adcf
18:16:58,510 DEBUG BasicTypeRegistry:145 - Adding type registration java.net.URL -> org.hibernate.type.UrlType@71a8adcf
18:16:58,511 DEBUG BasicTypeRegistry:145 - Adding type registration Duration -> org.hibernate.type.DurationType@47e2e487
18:16:58,511 DEBUG BasicTypeRegistry:145 - Adding type registration java.time.Duration -> org.hibernate.type.DurationType@47e2e487
18:16:58,524 DEBUG BasicTypeRegistry:145 - Adding type registration Instant -> org.hibernate.type.InstantType@52b1beb6
18:16:58,524 DEBUG BasicTypeRegistry:145 - Adding type registration java.time.Instant -> org.hibernate.type.InstantType@52b1beb6
18:16:58,526 DEBUG BasicTypeRegistry:145 - Adding type registration LocalDateTime -> org.hibernate.type.LocalDateTimeType@73e9cf30
18:16:58,526 DEBUG BasicTypeRegistry:145 - Adding type registration java.time.LocalDateTime -> org.hibernate.type.LocalDateTimeType@73e9cf30
18:16:58,527 DEBUG BasicTypeRegistry:145 - Adding type registration LocalDate -> org.hibernate.type.LocalDateType@1ed6388a
18:16:58,527 DEBUG BasicTypeRegistry:145 - Adding type registration java.time.LocalDate -> org.hibernate.type.LocalDateType@1ed6388a
18:16:58,528 DEBUG BasicTypeRegistry:145 - Adding type registration LocalTime -> org.hibernate.type.LocalTimeType@5e600dd5
18:16:58,529 DEBUG BasicTypeRegistry:145 - Adding type registration java.time.LocalTime -> org.hibernate.type.LocalTimeType@5e600dd5
18:16:58,530 DEBUG BasicTypeRegistry:145 - Adding type registration OffsetDateTime -> org.hibernate.type.OffsetDateTimeType@4d5650ae
18:16:58,530 DEBUG BasicTypeRegistry:145 - Adding type registration java.time.OffsetDateTime -> org.hibernate.type.OffsetDateTimeType@4d5650ae
18:16:58,531 DEBUG BasicTypeRegistry:145 - Adding type registration OffsetTime -> org.hibernate.type.OffsetTimeType@6221a451
18:16:58,531 DEBUG BasicTypeRegistry:145 - Adding type registration java.time.OffsetTime -> org.hibernate.type.OffsetTimeType@6221a451
18:16:58,534 DEBUG BasicTypeRegistry:145 - Adding type registration ZonedDateTime -> org.hibernate.type.ZonedDateTimeType@f09733f
18:16:58,534 DEBUG BasicTypeRegistry:145 - Adding type registration java.time.ZonedDateTime -> org.hibernate.type.ZonedDateTimeType@f09733f
18:16:58,535 DEBUG BasicTypeRegistry:145 - Adding type registration date -> org.hibernate.type.DateType@1ffaf86
18:16:58,535 DEBUG BasicTypeRegistry:145 - Adding type registration java.sql.Date -> org.hibernate.type.DateType@1ffaf86
18:16:58,536 DEBUG BasicTypeRegistry:145 - Adding type registration time -> org.hibernate.type.TimeType@20140db9
18:16:58,536 DEBUG BasicTypeRegistry:145 - Adding type registration java.sql.Time -> org.hibernate.type.TimeType@20140db9
18:16:58,538 DEBUG BasicTypeRegistry:145 - Adding type registration timestamp -> org.hibernate.type.TimestampType@55a147cc
18:16:58,538 DEBUG BasicTypeRegistry:145 - Adding type registration java.sql.Timestamp -> org.hibernate.type.TimestampType@55a147cc
18:16:58,538 DEBUG BasicTypeRegistry:145 - Adding type registration java.util.Date -> org.hibernate.type.TimestampType@55a147cc
18:16:58,539 DEBUG BasicTypeRegistry:145 - Adding type registration dbtimestamp -> org.hibernate.type.DbTimestampType@3c77d488
18:16:58,540 DEBUG BasicTypeRegistry:145 - Adding type registration calendar -> org.hibernate.type.CalendarType@5ab956d7
18:16:58,540 DEBUG BasicTypeRegistry:145 - Adding type registration java.util.Calendar -> org.hibernate.type.CalendarType@5ab956d7
18:16:58,540 DEBUG BasicTypeRegistry:145 - Adding type registration java.util.GregorianCalendar -> org.hibernate.type.CalendarType@5ab956d7
18:16:58,541 DEBUG BasicTypeRegistry:145 - Adding type registration calendar_date -> org.hibernate.type.CalendarDateType@3e27aa33
18:16:58,542 DEBUG BasicTypeRegistry:145 - Adding type registration locale -> org.hibernate.type.LocaleType@46cdf8bd
18:16:58,542 DEBUG BasicTypeRegistry:145 - Adding type registration java.util.Locale -> org.hibernate.type.LocaleType@46cdf8bd
18:16:58,543 DEBUG BasicTypeRegistry:145 - Adding type registration currency -> org.hibernate.type.CurrencyType@644baf4a
18:16:58,543 DEBUG BasicTypeRegistry:145 - Adding type registration java.util.Currency -> org.hibernate.type.CurrencyType@644baf4a
18:16:58,544 DEBUG BasicTypeRegistry:145 - Adding type registration timezone -> org.hibernate.type.TimeZoneType@2a265ea9
18:16:58,544 DEBUG BasicTypeRegistry:145 - Adding type registration java.util.TimeZone -> org.hibernate.type.TimeZoneType@2a265ea9
18:16:58,544 DEBUG BasicTypeRegistry:145 - Adding type registration class -> org.hibernate.type.ClassType@2e8c1c9b
18:16:58,544 DEBUG BasicTypeRegistry:145 - Adding type registration java.lang.Class -> org.hibernate.type.ClassType@2e8c1c9b
18:16:58,545 DEBUG BasicTypeRegistry:145 - Adding type registration uuid-binary -> org.hibernate.type.UUIDBinaryType@4b741d6d
18:16:58,546 DEBUG BasicTypeRegistry:145 - Adding type registration java.util.UUID -> org.hibernate.type.UUIDBinaryType@4b741d6d
18:16:58,546 DEBUG BasicTypeRegistry:145 - Adding type registration uuid-char -> org.hibernate.type.UUIDCharType@470734c3
18:16:58,547 DEBUG BasicTypeRegistry:145 - Adding type registration binary -> org.hibernate.type.BinaryType@25ce9dc4
18:16:58,547 DEBUG BasicTypeRegistry:145 - Adding type registration byte[] -> org.hibernate.type.BinaryType@25ce9dc4
18:16:58,547 DEBUG BasicTypeRegistry:145 - Adding type registration [B -> org.hibernate.type.BinaryType@25ce9dc4
18:16:58,548 DEBUG BasicTypeRegistry:145 - Adding type registration wrapper-binary -> org.hibernate.type.WrapperBinaryType@2af004b
18:16:58,548 DEBUG BasicTypeRegistry:145 - Adding type registration Byte[] -> org.hibernate.type.WrapperBinaryType@2af004b
18:16:58,548 DEBUG BasicTypeRegistry:145 - Adding type registration [Ljava.lang.Byte; -> org.hibernate.type.WrapperBinaryType@2af004b
18:16:58,549 DEBUG BasicTypeRegistry:145 - Adding type registration row_version -> org.hibernate.type.RowVersionType@563f38c4
18:16:58,549 DEBUG BasicTypeRegistry:145 - Adding type registration image -> org.hibernate.type.ImageType@7ef82753
18:16:58,550 DEBUG BasicTypeRegistry:145 - Adding type registration characters -> org.hibernate.type.CharArrayType@58cbafc2
18:16:58,550 DEBUG BasicTypeRegistry:145 - Adding type registration char[] -> org.hibernate.type.CharArrayType@58cbafc2
18:16:58,550 DEBUG BasicTypeRegistry:145 - Adding type registration [C -> org.hibernate.type.CharArrayType@58cbafc2
18:16:58,551 DEBUG BasicTypeRegistry:145 - Adding type registration wrapper-characters -> org.hibernate.type.CharacterArrayType@74e28667
18:16:58,551 DEBUG BasicTypeRegistry:145 - Adding type registration [Ljava.lang.Character; -> org.hibernate.type.CharacterArrayType@74e28667
18:16:58,551 DEBUG BasicTypeRegistry:145 - Adding type registration Character[] -> org.hibernate.type.CharacterArrayType@74e28667
18:16:58,552 DEBUG BasicTypeRegistry:145 - Adding type registration text -> org.hibernate.type.TextType@53045c6c
18:16:58,552 DEBUG BasicTypeRegistry:145 - Adding type registration ntext -> org.hibernate.type.NTextType@548d708a
18:16:58,555 DEBUG BasicTypeRegistry:145 - Adding type registration blob -> org.hibernate.type.BlobType@5f049ea1
18:16:58,556 DEBUG BasicTypeRegistry:145 - Adding type registration java.sql.Blob -> org.hibernate.type.BlobType@5f049ea1
18:16:58,556 DEBUG BasicTypeRegistry:145 - Adding type registration materialized_blob -> org.hibernate.type.MaterializedBlobType@72035809
18:16:58,559 DEBUG BasicTypeRegistry:145 - Adding type registration clob -> org.hibernate.type.ClobType@402c4085
18:16:58,559 DEBUG BasicTypeRegistry:145 - Adding type registration java.sql.Clob -> org.hibernate.type.ClobType@402c4085
18:16:58,561 DEBUG BasicTypeRegistry:145 - Adding type registration nclob -> org.hibernate.type.NClobType@183ec003
18:16:58,562 DEBUG BasicTypeRegistry:145 - Adding type registration java.sql.NClob -> org.hibernate.type.NClobType@183ec003
18:16:58,562 DEBUG BasicTypeRegistry:145 - Adding type registration materialized_clob -> org.hibernate.type.MaterializedClobType@451001e5
18:16:58,562 DEBUG BasicTypeRegistry:145 - Adding type registration materialized_nclob -> org.hibernate.type.MaterializedNClobType@4d1c005e
18:16:58,563 DEBUG BasicTypeRegistry:145 - Adding type registration serializable -> org.hibernate.type.SerializableType@7188af83
18:16:58,565 DEBUG BasicTypeRegistry:145 - Adding type registration object -> org.hibernate.type.ObjectType@792b749c
18:16:58,565 DEBUG BasicTypeRegistry:145 - Adding type registration java.lang.Object -> org.hibernate.type.ObjectType@792b749c
18:16:58,566 DEBUG BasicTypeRegistry:145 - Adding type registration imm_date -> org.hibernate.type.AdaptedImmutableType@73eb439a
18:16:58,566 DEBUG BasicTypeRegistry:145 - Adding type registration imm_time -> org.hibernate.type.AdaptedImmutableType@514646ef
18:16:58,566 DEBUG BasicTypeRegistry:145 - Adding type registration imm_timestamp -> org.hibernate.type.AdaptedImmutableType@305ffe9e
18:16:58,566 DEBUG BasicTypeRegistry:145 - Adding type registration imm_dbtimestamp -> org.hibernate.type.AdaptedImmutableType@302c971f
18:16:58,566 DEBUG BasicTypeRegistry:145 - Adding type registration imm_calendar -> org.hibernate.type.AdaptedImmutableType@1972e513
18:16:58,567 DEBUG BasicTypeRegistry:145 - Adding type registration imm_calendar_date -> org.hibernate.type.AdaptedImmutableType@7ae0a9ec
18:16:58,567 DEBUG BasicTypeRegistry:145 - Adding type registration imm_binary -> org.hibernate.type.AdaptedImmutableType@35841320
18:16:58,567 DEBUG BasicTypeRegistry:145 - Adding type registration imm_serializable -> org.hibernate.type.AdaptedImmutableType@61c4eee0
18:16:58,574  WARN pooling:70 - HHH10001002: Using Hibernate built-in connection pool (not for production use!)
18:16:58,575  INFO pooling:126 - HHH10001005: using driver [null] at URL [jdbc:mysql://localhost:3306/mkyong]
18:16:58,576  INFO pooling:135 - HHH10001001: Connection properties: {user=root, password=****}
18:16:58,576  INFO pooling:140 - HHH10001003: Autocommit mode: false
18:16:58,579  INFO DriverManagerConnectionProviderImpl:41 - HHH000115: Hibernate connection pool size: 20 (min=1)
18:17:41,022  INFO Version:45 - HHH000412: Hibernate Core {5.2.6.Final}
18:17:41,025  INFO Environment:213 - HHH000206: hibernate.properties not found
18:17:41,050  WARN deprecation:91 - HHH90000012: Recognized obsolete hibernate namespace http://hibernate.sourceforge.net/hibernate-configuration. Use namespace http://www.hibernate.org/dtd/hibernate-configuration instead.  Support for obsolete DTD/XSD namespaces may be removed at any time.
18:17:41,240  INFO Version:66 - HCANN000001: Hibernate Commons Annotations {5.0.1.Final}
18:17:41,249  WARN deprecation:75 - HHH90000012: Recognized obsolete hibernate namespace http://hibernate.sourceforge.net/hibernate-mapping. Use namespace http://www.hibernate.org/dtd/hibernate-mapping instead.  Support for obsolete DTD/XSD namespaces may be removed at any time.
18:17:41,968  WARN deprecation:75 - HHH90000012: Recognized obsolete hibernate namespace http://hibernate.sourceforge.net/hibernate-mapping. Use namespace http://www.hibernate.org/dtd/hibernate-mapping instead.  Support for obsolete DTD/XSD namespaces may be removed at any time.
18:17:41,997 DEBUG BasicTypeRegistry:145 - Adding type registration boolean -> org.hibernate.type.BooleanType@2fb3536e
18:17:41,998 DEBUG BasicTypeRegistry:145 - Adding type registration boolean -> org.hibernate.type.BooleanType@2fb3536e
18:17:41,998 DEBUG BasicTypeRegistry:145 - Adding type registration java.lang.Boolean -> org.hibernate.type.BooleanType@2fb3536e
18:17:41,999 DEBUG BasicTypeRegistry:145 - Adding type registration numeric_boolean -> org.hibernate.type.NumericBooleanType@22ef9844
18:17:42,000 DEBUG BasicTypeRegistry:145 - Adding type registration true_false -> org.hibernate.type.TrueFalseType@2f217633
18:17:42,001 DEBUG BasicTypeRegistry:145 - Adding type registration yes_no -> org.hibernate.type.YesNoType@5acf93bb
18:17:42,003 DEBUG BasicTypeRegistry:145 - Adding type registration byte -> org.hibernate.type.ByteType@1af2d44a
18:17:42,003 DEBUG BasicTypeRegistry:145 - Adding type registration byte -> org.hibernate.type.ByteType@1af2d44a
18:17:42,003 DEBUG BasicTypeRegistry:145 - Adding type registration java.lang.Byte -> org.hibernate.type.ByteType@1af2d44a
18:17:42,004 DEBUG BasicTypeRegistry:145 - Adding type registration character -> org.hibernate.type.CharacterType@f5acb9d
18:17:42,005 DEBUG BasicTypeRegistry:145 - Adding type registration char -> org.hibernate.type.CharacterType@f5acb9d
18:17:42,005 DEBUG BasicTypeRegistry:145 - Adding type registration java.lang.Character -> org.hibernate.type.CharacterType@f5acb9d
18:17:42,007 DEBUG BasicTypeRegistry:145 - Adding type registration short -> org.hibernate.type.ShortType@741a8937
18:17:42,007 DEBUG BasicTypeRegistry:145 - Adding type registration short -> org.hibernate.type.ShortType@741a8937
18:17:42,007 DEBUG BasicTypeRegistry:145 - Adding type registration java.lang.Short -> org.hibernate.type.ShortType@741a8937
18:17:42,008 DEBUG BasicTypeRegistry:145 - Adding type registration integer -> org.hibernate.type.IntegerType@bae7dc0
18:17:42,008 DEBUG BasicTypeRegistry:145 - Adding type registration int -> org.hibernate.type.IntegerType@bae7dc0
18:17:42,008 DEBUG BasicTypeRegistry:145 - Adding type registration java.lang.Integer -> org.hibernate.type.IntegerType@bae7dc0
18:17:42,010 DEBUG BasicTypeRegistry:145 - Adding type registration long -> org.hibernate.type.LongType@43dac38f
18:17:42,010 DEBUG BasicTypeRegistry:145 - Adding type registration long -> org.hibernate.type.LongType@43dac38f
18:17:42,010 DEBUG BasicTypeRegistry:145 - Adding type registration java.lang.Long -> org.hibernate.type.LongType@43dac38f
18:17:42,011 DEBUG BasicTypeRegistry:145 - Adding type registration float -> org.hibernate.type.FloatType@7c711375
18:17:42,011 DEBUG BasicTypeRegistry:145 - Adding type registration float -> org.hibernate.type.FloatType@7c711375
18:17:42,012 DEBUG BasicTypeRegistry:145 - Adding type registration java.lang.Float -> org.hibernate.type.FloatType@7c711375
18:17:42,013 DEBUG BasicTypeRegistry:145 - Adding type registration double -> org.hibernate.type.DoubleType@3ee37e5a
18:17:42,013 DEBUG BasicTypeRegistry:145 - Adding type registration double -> org.hibernate.type.DoubleType@3ee37e5a
18:17:42,013 DEBUG BasicTypeRegistry:145 - Adding type registration java.lang.Double -> org.hibernate.type.DoubleType@3ee37e5a
18:17:42,014 DEBUG BasicTypeRegistry:145 - Adding type registration big_decimal -> org.hibernate.type.BigDecimalType@53ce1329
18:17:42,015 DEBUG BasicTypeRegistry:145 - Adding type registration java.math.BigDecimal -> org.hibernate.type.BigDecimalType@53ce1329
18:17:42,016 DEBUG BasicTypeRegistry:145 - Adding type registration big_integer -> org.hibernate.type.BigIntegerType@729d991e
18:17:42,016 DEBUG BasicTypeRegistry:145 - Adding type registration java.math.BigInteger -> org.hibernate.type.BigIntegerType@729d991e
18:17:42,017 DEBUG BasicTypeRegistry:145 - Adding type registration string -> org.hibernate.type.StringType@4dbb42b7
18:17:42,017 DEBUG BasicTypeRegistry:145 - Adding type registration java.lang.String -> org.hibernate.type.StringType@4dbb42b7
18:17:42,018 DEBUG BasicTypeRegistry:145 - Adding type registration nstring -> org.hibernate.type.StringNVarcharType@7bab3f1a
18:17:42,019 DEBUG BasicTypeRegistry:145 - Adding type registration ncharacter -> org.hibernate.type.CharacterNCharType@12aba8be
18:17:42,020 DEBUG BasicTypeRegistry:145 - Adding type registration url -> org.hibernate.type.UrlType@71a8adcf
18:17:42,020 DEBUG BasicTypeRegistry:145 - Adding type registration java.net.URL -> org.hibernate.type.UrlType@71a8adcf
18:17:42,021 DEBUG BasicTypeRegistry:145 - Adding type registration Duration -> org.hibernate.type.DurationType@47e2e487
18:17:42,021 DEBUG BasicTypeRegistry:145 - Adding type registration java.time.Duration -> org.hibernate.type.DurationType@47e2e487
18:17:42,034 DEBUG BasicTypeRegistry:145 - Adding type registration Instant -> org.hibernate.type.InstantType@52b1beb6
18:17:42,034 DEBUG BasicTypeRegistry:145 - Adding type registration java.time.Instant -> org.hibernate.type.InstantType@52b1beb6
18:17:42,036 DEBUG BasicTypeRegistry:145 - Adding type registration LocalDateTime -> org.hibernate.type.LocalDateTimeType@73e9cf30
18:17:42,036 DEBUG BasicTypeRegistry:145 - Adding type registration java.time.LocalDateTime -> org.hibernate.type.LocalDateTimeType@73e9cf30
18:17:42,037 DEBUG BasicTypeRegistry:145 - Adding type registration LocalDate -> org.hibernate.type.LocalDateType@1ed6388a
18:17:42,037 DEBUG BasicTypeRegistry:145 - Adding type registration java.time.LocalDate -> org.hibernate.type.LocalDateType@1ed6388a
18:17:42,039 DEBUG BasicTypeRegistry:145 - Adding type registration LocalTime -> org.hibernate.type.LocalTimeType@5e600dd5
18:17:42,039 DEBUG BasicTypeRegistry:145 - Adding type registration java.time.LocalTime -> org.hibernate.type.LocalTimeType@5e600dd5
18:17:42,040 DEBUG BasicTypeRegistry:145 - Adding type registration OffsetDateTime -> org.hibernate.type.OffsetDateTimeType@4d5650ae
18:17:42,041 DEBUG BasicTypeRegistry:145 - Adding type registration java.time.OffsetDateTime -> org.hibernate.type.OffsetDateTimeType@4d5650ae
18:17:42,042 DEBUG BasicTypeRegistry:145 - Adding type registration OffsetTime -> org.hibernate.type.OffsetTimeType@6221a451
18:17:42,042 DEBUG BasicTypeRegistry:145 - Adding type registration java.time.OffsetTime -> org.hibernate.type.OffsetTimeType@6221a451
18:17:42,045 DEBUG BasicTypeRegistry:145 - Adding type registration ZonedDateTime -> org.hibernate.type.ZonedDateTimeType@f09733f
18:17:42,045 DEBUG BasicTypeRegistry:145 - Adding type registration java.time.ZonedDateTime -> org.hibernate.type.ZonedDateTimeType@f09733f
18:17:42,047 DEBUG BasicTypeRegistry:145 - Adding type registration date -> org.hibernate.type.DateType@1ffaf86
18:17:42,047 DEBUG BasicTypeRegistry:145 - Adding type registration java.sql.Date -> org.hibernate.type.DateType@1ffaf86
18:17:42,048 DEBUG BasicTypeRegistry:145 - Adding type registration time -> org.hibernate.type.TimeType@20140db9
18:17:42,048 DEBUG BasicTypeRegistry:145 - Adding type registration java.sql.Time -> org.hibernate.type.TimeType@20140db9
18:17:42,049 DEBUG BasicTypeRegistry:145 - Adding type registration timestamp -> org.hibernate.type.TimestampType@55a147cc
18:17:42,049 DEBUG BasicTypeRegistry:145 - Adding type registration java.sql.Timestamp -> org.hibernate.type.TimestampType@55a147cc
18:17:42,050 DEBUG BasicTypeRegistry:145 - Adding type registration java.util.Date -> org.hibernate.type.TimestampType@55a147cc
18:17:42,051 DEBUG BasicTypeRegistry:145 - Adding type registration dbtimestamp -> org.hibernate.type.DbTimestampType@3c77d488
18:17:42,051 DEBUG BasicTypeRegistry:145 - Adding type registration calendar -> org.hibernate.type.CalendarType@5ab956d7
18:17:42,052 DEBUG BasicTypeRegistry:145 - Adding type registration java.util.Calendar -> org.hibernate.type.CalendarType@5ab956d7
18:17:42,052 DEBUG BasicTypeRegistry:145 - Adding type registration java.util.GregorianCalendar -> org.hibernate.type.CalendarType@5ab956d7
18:17:42,052 DEBUG BasicTypeRegistry:145 - Adding type registration calendar_date -> org.hibernate.type.CalendarDateType@3e27aa33
18:17:42,053 DEBUG BasicTypeRegistry:145 - Adding type registration locale -> org.hibernate.type.LocaleType@46cdf8bd
18:17:42,053 DEBUG BasicTypeRegistry:145 - Adding type registration java.util.Locale -> org.hibernate.type.LocaleType@46cdf8bd
18:17:42,054 DEBUG BasicTypeRegistry:145 - Adding type registration currency -> org.hibernate.type.CurrencyType@644baf4a
18:17:42,054 DEBUG BasicTypeRegistry:145 - Adding type registration java.util.Currency -> org.hibernate.type.CurrencyType@644baf4a
18:17:42,055 DEBUG BasicTypeRegistry:145 - Adding type registration timezone -> org.hibernate.type.TimeZoneType@2a265ea9
18:17:42,055 DEBUG BasicTypeRegistry:145 - Adding type registration java.util.TimeZone -> org.hibernate.type.TimeZoneType@2a265ea9
18:17:42,056 DEBUG BasicTypeRegistry:145 - Adding type registration class -> org.hibernate.type.ClassType@2e8c1c9b
18:17:42,056 DEBUG BasicTypeRegistry:145 - Adding type registration java.lang.Class -> org.hibernate.type.ClassType@2e8c1c9b
18:17:42,057 DEBUG BasicTypeRegistry:145 - Adding type registration uuid-binary -> org.hibernate.type.UUIDBinaryType@4b741d6d
18:17:42,057 DEBUG BasicTypeRegistry:145 - Adding type registration java.util.UUID -> org.hibernate.type.UUIDBinaryType@4b741d6d
18:17:42,057 DEBUG BasicTypeRegistry:145 - Adding type registration uuid-char -> org.hibernate.type.UUIDCharType@470734c3
18:17:42,058 DEBUG BasicTypeRegistry:145 - Adding type registration binary -> org.hibernate.type.BinaryType@25ce9dc4
18:17:42,058 DEBUG BasicTypeRegistry:145 - Adding type registration byte[] -> org.hibernate.type.BinaryType@25ce9dc4
18:17:42,058 DEBUG BasicTypeRegistry:145 - Adding type registration [B -> org.hibernate.type.BinaryType@25ce9dc4
18:17:42,059 DEBUG BasicTypeRegistry:145 - Adding type registration wrapper-binary -> org.hibernate.type.WrapperBinaryType@2af004b
18:17:42,059 DEBUG BasicTypeRegistry:145 - Adding type registration Byte[] -> org.hibernate.type.WrapperBinaryType@2af004b
18:17:42,059 DEBUG BasicTypeRegistry:145 - Adding type registration [Ljava.lang.Byte; -> org.hibernate.type.WrapperBinaryType@2af004b
18:17:42,060 DEBUG BasicTypeRegistry:145 - Adding type registration row_version -> org.hibernate.type.RowVersionType@563f38c4
18:17:42,061 DEBUG BasicTypeRegistry:145 - Adding type registration image -> org.hibernate.type.ImageType@7ef82753
18:17:42,061 DEBUG BasicTypeRegistry:145 - Adding type registration characters -> org.hibernate.type.CharArrayType@58cbafc2
18:17:42,061 DEBUG BasicTypeRegistry:145 - Adding type registration char[] -> org.hibernate.type.CharArrayType@58cbafc2
18:17:42,061 DEBUG BasicTypeRegistry:145 - Adding type registration [C -> org.hibernate.type.CharArrayType@58cbafc2
18:17:42,062 DEBUG BasicTypeRegistry:145 - Adding type registration wrapper-characters -> org.hibernate.type.CharacterArrayType@74e28667
18:17:42,062 DEBUG BasicTypeRegistry:145 - Adding type registration [Ljava.lang.Character; -> org.hibernate.type.CharacterArrayType@74e28667
18:17:42,062 DEBUG BasicTypeRegistry:145 - Adding type registration Character[] -> org.hibernate.type.CharacterArrayType@74e28667
18:17:42,063 DEBUG BasicTypeRegistry:145 - Adding type registration text -> org.hibernate.type.TextType@53045c6c
18:17:42,064 DEBUG BasicTypeRegistry:145 - Adding type registration ntext -> org.hibernate.type.NTextType@548d708a
18:17:42,067 DEBUG BasicTypeRegistry:145 - Adding type registration blob -> org.hibernate.type.BlobType@5f049ea1
18:17:42,067 DEBUG BasicTypeRegistry:145 - Adding type registration java.sql.Blob -> org.hibernate.type.BlobType@5f049ea1
18:17:42,067 DEBUG BasicTypeRegistry:145 - Adding type registration materialized_blob -> org.hibernate.type.MaterializedBlobType@72035809
18:17:42,070 DEBUG BasicTypeRegistry:145 - Adding type registration clob -> org.hibernate.type.ClobType@402c4085
18:17:42,071 DEBUG BasicTypeRegistry:145 - Adding type registration java.sql.Clob -> org.hibernate.type.ClobType@402c4085
18:17:42,073 DEBUG BasicTypeRegistry:145 - Adding type registration nclob -> org.hibernate.type.NClobType@183ec003
18:17:42,074 DEBUG BasicTypeRegistry:145 - Adding type registration java.sql.NClob -> org.hibernate.type.NClobType@183ec003
18:17:42,074 DEBUG BasicTypeRegistry:145 - Adding type registration materialized_clob -> org.hibernate.type.MaterializedClobType@451001e5
18:17:42,074 DEBUG BasicTypeRegistry:145 - Adding type registration materialized_nclob -> org.hibernate.type.MaterializedNClobType@4d1c005e
18:17:42,076 DEBUG BasicTypeRegistry:145 - Adding type registration serializable -> org.hibernate.type.SerializableType@7188af83
18:17:42,078 DEBUG BasicTypeRegistry:145 - Adding type registration object -> org.hibernate.type.ObjectType@792b749c
18:17:42,078 DEBUG BasicTypeRegistry:145 - Adding type registration java.lang.Object -> org.hibernate.type.ObjectType@792b749c
18:17:42,079 DEBUG BasicTypeRegistry:145 - Adding type registration imm_date -> org.hibernate.type.AdaptedImmutableType@73eb439a
18:17:42,079 DEBUG BasicTypeRegistry:145 - Adding type registration imm_time -> org.hibernate.type.AdaptedImmutableType@514646ef
18:17:42,079 DEBUG BasicTypeRegistry:145 - Adding type registration imm_timestamp -> org.hibernate.type.AdaptedImmutableType@305ffe9e
18:17:42,080 DEBUG BasicTypeRegistry:145 - Adding type registration imm_dbtimestamp -> org.hibernate.type.AdaptedImmutableType@302c971f
18:17:42,080 DEBUG BasicTypeRegistry:145 - Adding type registration imm_calendar -> org.hibernate.type.AdaptedImmutableType@1972e513
18:17:42,080 DEBUG BasicTypeRegistry:145 - Adding type registration imm_calendar_date -> org.hibernate.type.AdaptedImmutableType@7ae0a9ec
18:17:42,080 DEBUG BasicTypeRegistry:145 - Adding type registration imm_binary -> org.hibernate.type.AdaptedImmutableType@35841320
18:17:42,080 DEBUG BasicTypeRegistry:145 - Adding type registration imm_serializable -> org.hibernate.type.AdaptedImmutableType@61c4eee0
18:17:42,090  WARN pooling:70 - HHH10001002: Using Hibernate built-in connection pool (not for production use!)
18:17:42,091  INFO pooling:126 - HHH10001005: using driver [null] at URL [jdbc:mysql://localhost:3306/mkyong]
18:17:42,091  INFO pooling:135 - HHH10001001: Connection properties: {user=root, password=****}
18:17:42,091  INFO pooling:140 - HHH10001003: Autocommit mode: false
18:17:42,094  INFO DriverManagerConnectionProviderImpl:41 - HHH000115: Hibernate connection pool size: 20 (min=1)
18:19:38,631  INFO Version:45 - HHH000412: Hibernate Core {5.2.6.Final}
18:19:38,634  INFO Environment:213 - HHH000206: hibernate.properties not found
18:19:38,661  WARN deprecation:91 - HHH90000012: Recognized obsolete hibernate namespace http://hibernate.sourceforge.net/hibernate-configuration. Use namespace http://www.hibernate.org/dtd/hibernate-configuration instead.  Support for obsolete DTD/XSD namespaces may be removed at any time.
18:19:38,856  INFO Version:66 - HCANN000001: Hibernate Commons Annotations {5.0.1.Final}
18:19:38,864  WARN deprecation:75 - HHH90000012: Recognized obsolete hibernate namespace http://hibernate.sourceforge.net/hibernate-mapping. Use namespace http://www.hibernate.org/dtd/hibernate-mapping instead.  Support for obsolete DTD/XSD namespaces may be removed at any time.
18:19:39,586  WARN deprecation:75 - HHH90000012: Recognized obsolete hibernate namespace http://hibernate.sourceforge.net/hibernate-mapping. Use namespace http://www.hibernate.org/dtd/hibernate-mapping instead.  Support for obsolete DTD/XSD namespaces may be removed at any time.
18:19:39,607 DEBUG BasicTypeRegistry:145 - Adding type registration boolean -> org.hibernate.type.BooleanType@2fb3536e
18:19:39,607 DEBUG BasicTypeRegistry:145 - Adding type registration boolean -> org.hibernate.type.BooleanType@2fb3536e
18:19:39,607 DEBUG BasicTypeRegistry:145 - Adding type registration java.lang.Boolean -> org.hibernate.type.BooleanType@2fb3536e
18:19:39,608 DEBUG BasicTypeRegistry:145 - Adding type registration numeric_boolean -> org.hibernate.type.NumericBooleanType@22ef9844
18:19:39,609 DEBUG BasicTypeRegistry:145 - Adding type registration true_false -> org.hibernate.type.TrueFalseType@2f217633
18:19:39,610 DEBUG BasicTypeRegistry:145 - Adding type registration yes_no -> org.hibernate.type.YesNoType@5acf93bb
18:19:39,611 DEBUG BasicTypeRegistry:145 - Adding type registration byte -> org.hibernate.type.ByteType@1af2d44a
18:19:39,611 DEBUG BasicTypeRegistry:145 - Adding type registration byte -> org.hibernate.type.ByteType@1af2d44a
18:19:39,612 DEBUG BasicTypeRegistry:145 - Adding type registration java.lang.Byte -> org.hibernate.type.ByteType@1af2d44a
18:19:39,613 DEBUG BasicTypeRegistry:145 - Adding type registration character -> org.hibernate.type.CharacterType@f5acb9d
18:19:39,613 DEBUG BasicTypeRegistry:145 - Adding type registration char -> org.hibernate.type.CharacterType@f5acb9d
18:19:39,614 DEBUG BasicTypeRegistry:145 - Adding type registration java.lang.Character -> org.hibernate.type.CharacterType@f5acb9d
18:19:39,615 DEBUG BasicTypeRegistry:145 - Adding type registration short -> org.hibernate.type.ShortType@741a8937
18:19:39,615 DEBUG BasicTypeRegistry:145 - Adding type registration short -> org.hibernate.type.ShortType@741a8937
18:19:39,615 DEBUG BasicTypeRegistry:145 - Adding type registration java.lang.Short -> org.hibernate.type.ShortType@741a8937
18:19:39,616 DEBUG BasicTypeRegistry:145 - Adding type registration integer -> org.hibernate.type.IntegerType@bae7dc0
18:19:39,616 DEBUG BasicTypeRegistry:145 - Adding type registration int -> org.hibernate.type.IntegerType@bae7dc0
18:19:39,617 DEBUG BasicTypeRegistry:145 - Adding type registration java.lang.Integer -> org.hibernate.type.IntegerType@bae7dc0
18:19:39,618 DEBUG BasicTypeRegistry:145 - Adding type registration long -> org.hibernate.type.LongType@43dac38f
18:19:39,618 DEBUG BasicTypeRegistry:145 - Adding type registration long -> org.hibernate.type.LongType@43dac38f
18:19:39,618 DEBUG BasicTypeRegistry:145 - Adding type registration java.lang.Long -> org.hibernate.type.LongType@43dac38f
18:19:39,619 DEBUG BasicTypeRegistry:145 - Adding type registration float -> org.hibernate.type.FloatType@7c711375
18:19:39,619 DEBUG BasicTypeRegistry:145 - Adding type registration float -> org.hibernate.type.FloatType@7c711375
18:19:39,620 DEBUG BasicTypeRegistry:145 - Adding type registration java.lang.Float -> org.hibernate.type.FloatType@7c711375
18:19:39,621 DEBUG BasicTypeRegistry:145 - Adding type registration double -> org.hibernate.type.DoubleType@3ee37e5a
18:19:39,621 DEBUG BasicTypeRegistry:145 - Adding type registration double -> org.hibernate.type.DoubleType@3ee37e5a
18:19:39,621 DEBUG BasicTypeRegistry:145 - Adding type registration java.lang.Double -> org.hibernate.type.DoubleType@3ee37e5a
18:19:39,622 DEBUG BasicTypeRegistry:145 - Adding type registration big_decimal -> org.hibernate.type.BigDecimalType@53ce1329
18:19:39,622 DEBUG BasicTypeRegistry:145 - Adding type registration java.math.BigDecimal -> org.hibernate.type.BigDecimalType@53ce1329
18:19:39,623 DEBUG BasicTypeRegistry:145 - Adding type registration big_integer -> org.hibernate.type.BigIntegerType@729d991e
18:19:39,624 DEBUG BasicTypeRegistry:145 - Adding type registration java.math.BigInteger -> org.hibernate.type.BigIntegerType@729d991e
18:19:39,624 DEBUG BasicTypeRegistry:145 - Adding type registration string -> org.hibernate.type.StringType@4dbb42b7
18:19:39,625 DEBUG BasicTypeRegistry:145 - Adding type registration java.lang.String -> org.hibernate.type.StringType@4dbb42b7
18:19:39,625 DEBUG BasicTypeRegistry:145 - Adding type registration nstring -> org.hibernate.type.StringNVarcharType@7bab3f1a
18:19:39,626 DEBUG BasicTypeRegistry:145 - Adding type registration ncharacter -> org.hibernate.type.CharacterNCharType@12aba8be
18:19:39,627 DEBUG BasicTypeRegistry:145 - Adding type registration url -> org.hibernate.type.UrlType@71a8adcf
18:19:39,627 DEBUG BasicTypeRegistry:145 - Adding type registration java.net.URL -> org.hibernate.type.UrlType@71a8adcf
18:19:39,628 DEBUG BasicTypeRegistry:145 - Adding type registration Duration -> org.hibernate.type.DurationType@47e2e487
18:19:39,628 DEBUG BasicTypeRegistry:145 - Adding type registration java.time.Duration -> org.hibernate.type.DurationType@47e2e487
18:19:39,640 DEBUG BasicTypeRegistry:145 - Adding type registration Instant -> org.hibernate.type.InstantType@52b1beb6
18:19:39,640 DEBUG BasicTypeRegistry:145 - Adding type registration java.time.Instant -> org.hibernate.type.InstantType@52b1beb6
18:19:39,641 DEBUG BasicTypeRegistry:145 - Adding type registration LocalDateTime -> org.hibernate.type.LocalDateTimeType@73e9cf30
18:19:39,641 DEBUG BasicTypeRegistry:145 - Adding type registration java.time.LocalDateTime -> org.hibernate.type.LocalDateTimeType@73e9cf30
18:19:39,643 DEBUG BasicTypeRegistry:145 - Adding type registration LocalDate -> org.hibernate.type.LocalDateType@1ed6388a
18:19:39,643 DEBUG BasicTypeRegistry:145 - Adding type registration java.time.LocalDate -> org.hibernate.type.LocalDateType@1ed6388a
18:19:39,644 DEBUG BasicTypeRegistry:145 - Adding type registration LocalTime -> org.hibernate.type.LocalTimeType@5e600dd5
18:19:39,645 DEBUG BasicTypeRegistry:145 - Adding type registration java.time.LocalTime -> org.hibernate.type.LocalTimeType@5e600dd5
18:19:39,646 DEBUG BasicTypeRegistry:145 - Adding type registration OffsetDateTime -> org.hibernate.type.OffsetDateTimeType@4d5650ae
18:19:39,646 DEBUG BasicTypeRegistry:145 - Adding type registration java.time.OffsetDateTime -> org.hibernate.type.OffsetDateTimeType@4d5650ae
18:19:39,647 DEBUG BasicTypeRegistry:145 - Adding type registration OffsetTime -> org.hibernate.type.OffsetTimeType@6221a451
18:19:39,647 DEBUG BasicTypeRegistry:145 - Adding type registration java.time.OffsetTime -> org.hibernate.type.OffsetTimeType@6221a451
18:19:39,650 DEBUG BasicTypeRegistry:145 - Adding type registration ZonedDateTime -> org.hibernate.type.ZonedDateTimeType@f09733f
18:19:39,650 DEBUG BasicTypeRegistry:145 - Adding type registration java.time.ZonedDateTime -> org.hibernate.type.ZonedDateTimeType@f09733f
18:19:39,651 DEBUG BasicTypeRegistry:145 - Adding type registration date -> org.hibernate.type.DateType@1ffaf86
18:19:39,651 DEBUG BasicTypeRegistry:145 - Adding type registration java.sql.Date -> org.hibernate.type.DateType@1ffaf86
18:19:39,652 DEBUG BasicTypeRegistry:145 - Adding type registration time -> org.hibernate.type.TimeType@20140db9
18:19:39,653 DEBUG BasicTypeRegistry:145 - Adding type registration java.sql.Time -> org.hibernate.type.TimeType@20140db9
18:19:39,654 DEBUG BasicTypeRegistry:145 - Adding type registration timestamp -> org.hibernate.type.TimestampType@55a147cc
18:19:39,654 DEBUG BasicTypeRegistry:145 - Adding type registration java.sql.Timestamp -> org.hibernate.type.TimestampType@55a147cc
18:19:39,654 DEBUG BasicTypeRegistry:145 - Adding type registration java.util.Date -> org.hibernate.type.TimestampType@55a147cc
18:19:39,656 DEBUG BasicTypeRegistry:145 - Adding type registration dbtimestamp -> org.hibernate.type.DbTimestampType@3c77d488
18:19:39,656 DEBUG BasicTypeRegistry:145 - Adding type registration calendar -> org.hibernate.type.CalendarType@5ab956d7
18:19:39,657 DEBUG BasicTypeRegistry:145 - Adding type registration java.util.Calendar -> org.hibernate.type.CalendarType@5ab956d7
18:19:39,657 DEBUG BasicTypeRegistry:145 - Adding type registration java.util.GregorianCalendar -> org.hibernate.type.CalendarType@5ab956d7
18:19:39,657 DEBUG BasicTypeRegistry:145 - Adding type registration calendar_date -> org.hibernate.type.CalendarDateType@3e27aa33
18:19:39,658 DEBUG BasicTypeRegistry:145 - Adding type registration locale -> org.hibernate.type.LocaleType@46cdf8bd
18:19:39,658 DEBUG BasicTypeRegistry:145 - Adding type registration java.util.Locale -> org.hibernate.type.LocaleType@46cdf8bd
18:19:39,659 DEBUG BasicTypeRegistry:145 - Adding type registration currency -> org.hibernate.type.CurrencyType@644baf4a
18:19:39,659 DEBUG BasicTypeRegistry:145 - Adding type registration java.util.Currency -> org.hibernate.type.CurrencyType@644baf4a
18:19:39,660 DEBUG BasicTypeRegistry:145 - Adding type registration timezone -> org.hibernate.type.TimeZoneType@2a265ea9
18:19:39,660 DEBUG BasicTypeRegistry:145 - Adding type registration java.util.TimeZone -> org.hibernate.type.TimeZoneType@2a265ea9
18:19:39,661 DEBUG BasicTypeRegistry:145 - Adding type registration class -> org.hibernate.type.ClassType@2e8c1c9b
18:19:39,661 DEBUG BasicTypeRegistry:145 - Adding type registration java.lang.Class -> org.hibernate.type.ClassType@2e8c1c9b
18:19:39,662 DEBUG BasicTypeRegistry:145 - Adding type registration uuid-binary -> org.hibernate.type.UUIDBinaryType@4b741d6d
18:19:39,662 DEBUG BasicTypeRegistry:145 - Adding type registration java.util.UUID -> org.hibernate.type.UUIDBinaryType@4b741d6d
18:19:39,663 DEBUG BasicTypeRegistry:145 - Adding type registration uuid-char -> org.hibernate.type.UUIDCharType@470734c3
18:19:39,663 DEBUG BasicTypeRegistry:145 - Adding type registration binary -> org.hibernate.type.BinaryType@25ce9dc4
18:19:39,663 DEBUG BasicTypeRegistry:145 - Adding type registration byte[] -> org.hibernate.type.BinaryType@25ce9dc4
18:19:39,664 DEBUG BasicTypeRegistry:145 - Adding type registration [B -> org.hibernate.type.BinaryType@25ce9dc4
18:19:39,664 DEBUG BasicTypeRegistry:145 - Adding type registration wrapper-binary -> org.hibernate.type.WrapperBinaryType@2af004b
18:19:39,664 DEBUG BasicTypeRegistry:145 - Adding type registration Byte[] -> org.hibernate.type.WrapperBinaryType@2af004b
18:19:39,664 DEBUG BasicTypeRegistry:145 - Adding type registration [Ljava.lang.Byte; -> org.hibernate.type.WrapperBinaryType@2af004b
18:19:39,665 DEBUG BasicTypeRegistry:145 - Adding type registration row_version -> org.hibernate.type.RowVersionType@563f38c4
18:19:39,666 DEBUG BasicTypeRegistry:145 - Adding type registration image -> org.hibernate.type.ImageType@7ef82753
18:19:39,666 DEBUG BasicTypeRegistry:145 - Adding type registration characters -> org.hibernate.type.CharArrayType@58cbafc2
18:19:39,666 DEBUG BasicTypeRegistry:145 - Adding type registration char[] -> org.hibernate.type.CharArrayType@58cbafc2
18:19:39,666 DEBUG BasicTypeRegistry:145 - Adding type registration [C -> org.hibernate.type.CharArrayType@58cbafc2
18:19:39,667 DEBUG BasicTypeRegistry:145 - Adding type registration wrapper-characters -> org.hibernate.type.CharacterArrayType@74e28667
18:19:39,667 DEBUG BasicTypeRegistry:145 - Adding type registration [Ljava.lang.Character; -> org.hibernate.type.CharacterArrayType@74e28667
18:19:39,667 DEBUG BasicTypeRegistry:145 - Adding type registration Character[] -> org.hibernate.type.CharacterArrayType@74e28667
18:19:39,668 DEBUG BasicTypeRegistry:145 - Adding type registration text -> org.hibernate.type.TextType@53045c6c
18:19:39,669 DEBUG BasicTypeRegistry:145 - Adding type registration ntext -> org.hibernate.type.NTextType@548d708a
18:19:39,672 DEBUG BasicTypeRegistry:145 - Adding type registration blob -> org.hibernate.type.BlobType@5f049ea1
18:19:39,672 DEBUG BasicTypeRegistry:145 - Adding type registration java.sql.Blob -> org.hibernate.type.BlobType@5f049ea1
18:19:39,673 DEBUG BasicTypeRegistry:145 - Adding type registration materialized_blob -> org.hibernate.type.MaterializedBlobType@72035809
18:19:39,675 DEBUG BasicTypeRegistry:145 - Adding type registration clob -> org.hibernate.type.ClobType@402c4085
18:19:39,675 DEBUG BasicTypeRegistry:145 - Adding type registration java.sql.Clob -> org.hibernate.type.ClobType@402c4085
18:19:39,678 DEBUG BasicTypeRegistry:145 - Adding type registration nclob -> org.hibernate.type.NClobType@183ec003
18:19:39,678 DEBUG BasicTypeRegistry:145 - Adding type registration java.sql.NClob -> org.hibernate.type.NClobType@183ec003
18:19:39,678 DEBUG BasicTypeRegistry:145 - Adding type registration materialized_clob -> org.hibernate.type.MaterializedClobType@451001e5
18:19:39,678 DEBUG BasicTypeRegistry:145 - Adding type registration materialized_nclob -> org.hibernate.type.MaterializedNClobType@4d1c005e
18:19:39,679 DEBUG BasicTypeRegistry:145 - Adding type registration serializable -> org.hibernate.type.SerializableType@7188af83
18:19:39,681 DEBUG BasicTypeRegistry:145 - Adding type registration object -> org.hibernate.type.ObjectType@792b749c
18:19:39,681 DEBUG BasicTypeRegistry:145 - Adding type registration java.lang.Object -> org.hibernate.type.ObjectType@792b749c
18:19:39,682 DEBUG BasicTypeRegistry:145 - Adding type registration imm_date -> org.hibernate.type.AdaptedImmutableType@73eb439a
18:19:39,682 DEBUG BasicTypeRegistry:145 - Adding type registration imm_time -> org.hibernate.type.AdaptedImmutableType@514646ef
18:19:39,682 DEBUG BasicTypeRegistry:145 - Adding type registration imm_timestamp -> org.hibernate.type.AdaptedImmutableType@305ffe9e
18:19:39,682 DEBUG BasicTypeRegistry:145 - Adding type registration imm_dbtimestamp -> org.hibernate.type.AdaptedImmutableType@302c971f
18:19:39,682 DEBUG BasicTypeRegistry:145 - Adding type registration imm_calendar -> org.hibernate.type.AdaptedImmutableType@1972e513
18:19:39,682 DEBUG BasicTypeRegistry:145 - Adding type registration imm_calendar_date -> org.hibernate.type.AdaptedImmutableType@7ae0a9ec
18:19:39,683 DEBUG BasicTypeRegistry:145 - Adding type registration imm_binary -> org.hibernate.type.AdaptedImmutableType@35841320
18:19:39,683 DEBUG BasicTypeRegistry:145 - Adding type registration imm_serializable -> org.hibernate.type.AdaptedImmutableType@61c4eee0
18:19:39,691  WARN pooling:70 - HHH10001002: Using Hibernate built-in connection pool (not for production use!)
18:21:32,958  INFO Version:45 - HHH000412: Hibernate Core {5.2.6.Final}
18:21:32,961  INFO Environment:213 - HHH000206: hibernate.properties not found
18:21:32,989  WARN deprecation:91 - HHH90000012: Recognized obsolete hibernate namespace http://hibernate.sourceforge.net/hibernate-configuration. Use namespace http://www.hibernate.org/dtd/hibernate-configuration instead.  Support for obsolete DTD/XSD namespaces may be removed at any time.
18:21:33,177  INFO Version:66 - HCANN000001: Hibernate Commons Annotations {5.0.1.Final}
18:21:33,185  WARN deprecation:75 - HHH90000012: Recognized obsolete hibernate namespace http://hibernate.sourceforge.net/hibernate-mapping. Use namespace http://www.hibernate.org/dtd/hibernate-mapping instead.  Support for obsolete DTD/XSD namespaces may be removed at any time.
18:21:33,957  WARN deprecation:75 - HHH90000012: Recognized obsolete hibernate namespace http://hibernate.sourceforge.net/hibernate-mapping. Use namespace http://www.hibernate.org/dtd/hibernate-mapping instead.  Support for obsolete DTD/XSD namespaces may be removed at any time.
18:21:33,975 DEBUG BasicTypeRegistry:145 - Adding type registration boolean -> org.hibernate.type.BooleanType@2fb3536e
18:21:33,976 DEBUG BasicTypeRegistry:145 - Adding type registration boolean -> org.hibernate.type.BooleanType@2fb3536e
18:21:33,976 DEBUG BasicTypeRegistry:145 - Adding type registration java.lang.Boolean -> org.hibernate.type.BooleanType@2fb3536e
18:21:33,977 DEBUG BasicTypeRegistry:145 - Adding type registration numeric_boolean -> org.hibernate.type.NumericBooleanType@22ef9844
18:21:33,977 DEBUG BasicTypeRegistry:145 - Adding type registration true_false -> org.hibernate.type.TrueFalseType@2f217633
18:21:33,978 DEBUG BasicTypeRegistry:145 - Adding type registration yes_no -> org.hibernate.type.YesNoType@5acf93bb
18:21:33,979 DEBUG BasicTypeRegistry:145 - Adding type registration byte -> org.hibernate.type.ByteType@1af2d44a
18:21:33,979 DEBUG BasicTypeRegistry:145 - Adding type registration byte -> org.hibernate.type.ByteType@1af2d44a
18:21:33,980 DEBUG BasicTypeRegistry:145 - Adding type registration java.lang.Byte -> org.hibernate.type.ByteType@1af2d44a
18:21:33,980 DEBUG BasicTypeRegistry:145 - Adding type registration character -> org.hibernate.type.CharacterType@f5acb9d
18:21:33,981 DEBUG BasicTypeRegistry:145 - Adding type registration char -> org.hibernate.type.CharacterType@f5acb9d
18:21:33,981 DEBUG BasicTypeRegistry:145 - Adding type registration java.lang.Character -> org.hibernate.type.CharacterType@f5acb9d
18:21:33,983 DEBUG BasicTypeRegistry:145 - Adding type registration short -> org.hibernate.type.ShortType@741a8937
18:21:33,983 DEBUG BasicTypeRegistry:145 - Adding type registration short -> org.hibernate.type.ShortType@741a8937
18:21:33,983 DEBUG BasicTypeRegistry:145 - Adding type registration java.lang.Short -> org.hibernate.type.ShortType@741a8937
18:21:33,984 DEBUG BasicTypeRegistry:145 - Adding type registration integer -> org.hibernate.type.IntegerType@bae7dc0
18:21:33,984 DEBUG BasicTypeRegistry:145 - Adding type registration int -> org.hibernate.type.IntegerType@bae7dc0
18:21:33,984 DEBUG BasicTypeRegistry:145 - Adding type registration java.lang.Integer -> org.hibernate.type.IntegerType@bae7dc0
18:21:33,986 DEBUG BasicTypeRegistry:145 - Adding type registration long -> org.hibernate.type.LongType@43dac38f
18:21:33,986 DEBUG BasicTypeRegistry:145 - Adding type registration long -> org.hibernate.type.LongType@43dac38f
18:21:33,986 DEBUG BasicTypeRegistry:145 - Adding type registration java.lang.Long -> org.hibernate.type.LongType@43dac38f
18:21:33,987 DEBUG BasicTypeRegistry:145 - Adding type registration float -> org.hibernate.type.FloatType@7c711375
18:21:33,988 DEBUG BasicTypeRegistry:145 - Adding type registration float -> org.hibernate.type.FloatType@7c711375
18:21:33,988 DEBUG BasicTypeRegistry:145 - Adding type registration java.lang.Float -> org.hibernate.type.FloatType@7c711375
18:21:33,989 DEBUG BasicTypeRegistry:145 - Adding type registration double -> org.hibernate.type.DoubleType@3ee37e5a
18:21:33,989 DEBUG BasicTypeRegistry:145 - Adding type registration double -> org.hibernate.type.DoubleType@3ee37e5a
18:21:33,990 DEBUG BasicTypeRegistry:145 - Adding type registration java.lang.Double -> org.hibernate.type.DoubleType@3ee37e5a
18:21:33,991 DEBUG BasicTypeRegistry:145 - Adding type registration big_decimal -> org.hibernate.type.BigDecimalType@53ce1329
18:21:33,991 DEBUG BasicTypeRegistry:145 - Adding type registration java.math.BigDecimal -> org.hibernate.type.BigDecimalType@53ce1329
18:21:33,992 DEBUG BasicTypeRegistry:145 - Adding type registration big_integer -> org.hibernate.type.BigIntegerType@729d991e
18:21:33,993 DEBUG BasicTypeRegistry:145 - Adding type registration java.math.BigInteger -> org.hibernate.type.BigIntegerType@729d991e
18:21:33,994 DEBUG BasicTypeRegistry:145 - Adding type registration string -> org.hibernate.type.StringType@4dbb42b7
18:21:33,994 DEBUG BasicTypeRegistry:145 - Adding type registration java.lang.String -> org.hibernate.type.StringType@4dbb42b7
18:21:33,995 DEBUG BasicTypeRegistry:145 - Adding type registration nstring -> org.hibernate.type.StringNVarcharType@7bab3f1a
18:21:33,996 DEBUG BasicTypeRegistry:145 - Adding type registration ncharacter -> org.hibernate.type.CharacterNCharType@12aba8be
18:21:33,996 DEBUG BasicTypeRegistry:145 - Adding type registration url -> org.hibernate.type.UrlType@71a8adcf
18:21:33,996 DEBUG BasicTypeRegistry:145 - Adding type registration java.net.URL -> org.hibernate.type.UrlType@71a8adcf
18:21:33,998 DEBUG BasicTypeRegistry:145 - Adding type registration Duration -> org.hibernate.type.DurationType@47e2e487
18:21:33,998 DEBUG BasicTypeRegistry:145 - Adding type registration java.time.Duration -> org.hibernate.type.DurationType@47e2e487
18:21:34,011 DEBUG BasicTypeRegistry:145 - Adding type registration Instant -> org.hibernate.type.InstantType@52b1beb6
18:21:34,012 DEBUG BasicTypeRegistry:145 - Adding type registration java.time.Instant -> org.hibernate.type.InstantType@52b1beb6
18:21:34,013 DEBUG BasicTypeRegistry:145 - Adding type registration LocalDateTime -> org.hibernate.type.LocalDateTimeType@73e9cf30
18:21:34,014 DEBUG BasicTypeRegistry:145 - Adding type registration java.time.LocalDateTime -> org.hibernate.type.LocalDateTimeType@73e9cf30
18:21:34,015 DEBUG BasicTypeRegistry:145 - Adding type registration LocalDate -> org.hibernate.type.LocalDateType@1ed6388a
18:21:34,015 DEBUG BasicTypeRegistry:145 - Adding type registration java.time.LocalDate -> org.hibernate.type.LocalDateType@1ed6388a
18:21:34,016 DEBUG BasicTypeRegistry:145 - Adding type registration LocalTime -> org.hibernate.type.LocalTimeType@5e600dd5
18:21:34,017 DEBUG BasicTypeRegistry:145 - Adding type registration java.time.LocalTime -> org.hibernate.type.LocalTimeType@5e600dd5
18:21:34,018 DEBUG BasicTypeRegistry:145 - Adding type registration OffsetDateTime -> org.hibernate.type.OffsetDateTimeType@4d5650ae
18:21:34,018 DEBUG BasicTypeRegistry:145 - Adding type registration java.time.OffsetDateTime -> org.hibernate.type.OffsetDateTimeType@4d5650ae
18:21:34,019 DEBUG BasicTypeRegistry:145 - Adding type registration OffsetTime -> org.hibernate.type.OffsetTimeType@6221a451
18:21:34,020 DEBUG BasicTypeRegistry:145 - Adding type registration java.time.OffsetTime -> org.hibernate.type.OffsetTimeType@6221a451
18:21:34,022 DEBUG BasicTypeRegistry:145 - Adding type registration ZonedDateTime -> org.hibernate.type.ZonedDateTimeType@f09733f
18:21:34,022 DEBUG BasicTypeRegistry:145 - Adding type registration java.time.ZonedDateTime -> org.hibernate.type.ZonedDateTimeType@f09733f
18:21:34,024 DEBUG BasicTypeRegistry:145 - Adding type registration date -> org.hibernate.type.DateType@1ffaf86
18:21:34,024 DEBUG BasicTypeRegistry:145 - Adding type registration java.sql.Date -> org.hibernate.type.DateType@1ffaf86
18:21:34,025 DEBUG BasicTypeRegistry:145 - Adding type registration time -> org.hibernate.type.TimeType@20140db9
18:21:34,025 DEBUG BasicTypeRegistry:145 - Adding type registration java.sql.Time -> org.hibernate.type.TimeType@20140db9
18:21:34,026 DEBUG BasicTypeRegistry:145 - Adding type registration timestamp -> org.hibernate.type.TimestampType@55a147cc
18:21:34,026 DEBUG BasicTypeRegistry:145 - Adding type registration java.sql.Timestamp -> org.hibernate.type.TimestampType@55a147cc
18:21:34,026 DEBUG BasicTypeRegistry:145 - Adding type registration java.util.Date -> org.hibernate.type.TimestampType@55a147cc
18:21:34,027 DEBUG BasicTypeRegistry:145 - Adding type registration dbtimestamp -> org.hibernate.type.DbTimestampType@3c77d488
18:21:34,028 DEBUG BasicTypeRegistry:145 - Adding type registration calendar -> org.hibernate.type.CalendarType@5ab956d7
18:21:34,028 DEBUG BasicTypeRegistry:145 - Adding type registration java.util.Calendar -> org.hibernate.type.CalendarType@5ab956d7
18:21:34,028 DEBUG BasicTypeRegistry:145 - Adding type registration java.util.GregorianCalendar -> org.hibernate.type.CalendarType@5ab956d7
18:21:34,029 DEBUG BasicTypeRegistry:145 - Adding type registration calendar_date -> org.hibernate.type.CalendarDateType@3e27aa33
18:21:34,029 DEBUG BasicTypeRegistry:145 - Adding type registration locale -> org.hibernate.type.LocaleType@46cdf8bd
18:21:34,030 DEBUG BasicTypeRegistry:145 - Adding type registration java.util.Locale -> org.hibernate.type.LocaleType@46cdf8bd
18:21:34,030 DEBUG BasicTypeRegistry:145 - Adding type registration currency -> org.hibernate.type.CurrencyType@644baf4a
18:21:34,030 DEBUG BasicTypeRegistry:145 - Adding type registration java.util.Currency -> org.hibernate.type.CurrencyType@644baf4a
18:21:34,031 DEBUG BasicTypeRegistry:145 - Adding type registration timezone -> org.hibernate.type.TimeZoneType@2a265ea9
18:21:34,031 DEBUG BasicTypeRegistry:145 - Adding type registration java.util.TimeZone -> org.hibernate.type.TimeZoneType@2a265ea9
18:21:34,032 DEBUG BasicTypeRegistry:145 - Adding type registration class -> org.hibernate.type.ClassType@2e8c1c9b
18:21:34,032 DEBUG BasicTypeRegistry:145 - Adding type registration java.lang.Class -> org.hibernate.type.ClassType@2e8c1c9b
18:21:34,033 DEBUG BasicTypeRegistry:145 - Adding type registration uuid-binary -> org.hibernate.type.UUIDBinaryType@4b741d6d
18:21:34,033 DEBUG BasicTypeRegistry:145 - Adding type registration java.util.UUID -> org.hibernate.type.UUIDBinaryType@4b741d6d
18:21:34,033 DEBUG BasicTypeRegistry:145 - Adding type registration uuid-char -> org.hibernate.type.UUIDCharType@470734c3
18:21:34,034 DEBUG BasicTypeRegistry:145 - Adding type registration binary -> org.hibernate.type.BinaryType@25ce9dc4
18:21:34,034 DEBUG BasicTypeRegistry:145 - Adding type registration byte[] -> org.hibernate.type.BinaryType@25ce9dc4
18:21:34,034 DEBUG BasicTypeRegistry:145 - Adding type registration [B -> org.hibernate.type.BinaryType@25ce9dc4
18:21:34,035 DEBUG BasicTypeRegistry:145 - Adding type registration wrapper-binary -> org.hibernate.type.WrapperBinaryType@2af004b
18:21:34,035 DEBUG BasicTypeRegistry:145 - Adding type registration Byte[] -> org.hibernate.type.WrapperBinaryType@2af004b
18:21:34,035 DEBUG BasicTypeRegistry:145 - Adding type registration [Ljava.lang.Byte; -> org.hibernate.type.WrapperBinaryType@2af004b
18:21:34,036 DEBUG BasicTypeRegistry:145 - Adding type registration row_version -> org.hibernate.type.RowVersionType@563f38c4
18:21:34,036 DEBUG BasicTypeRegistry:145 - Adding type registration image -> org.hibernate.type.ImageType@7ef82753
18:21:34,037 DEBUG BasicTypeRegistry:145 - Adding type registration characters -> org.hibernate.type.CharArrayType@58cbafc2
18:21:34,037 DEBUG BasicTypeRegistry:145 - Adding type registration char[] -> org.hibernate.type.CharArrayType@58cbafc2
18:21:34,037 DEBUG BasicTypeRegistry:145 - Adding type registration [C -> org.hibernate.type.CharArrayType@58cbafc2
18:21:34,038 DEBUG BasicTypeRegistry:145 - Adding type registration wrapper-characters -> org.hibernate.type.CharacterArrayType@74e28667
18:21:34,038 DEBUG BasicTypeRegistry:145 - Adding type registration [Ljava.lang.Character; -> org.hibernate.type.CharacterArrayType@74e28667
18:21:34,038 DEBUG BasicTypeRegistry:145 - Adding type registration Character[] -> org.hibernate.type.CharacterArrayType@74e28667
18:21:34,039 DEBUG BasicTypeRegistry:145 - Adding type registration text -> org.hibernate.type.TextType@53045c6c
18:21:34,040 DEBUG BasicTypeRegistry:145 - Adding type registration ntext -> org.hibernate.type.NTextType@548d708a
18:21:34,043 DEBUG BasicTypeRegistry:145 - Adding type registration blob -> org.hibernate.type.BlobType@5f049ea1
18:21:34,043 DEBUG BasicTypeRegistry:145 - Adding type registration java.sql.Blob -> org.hibernate.type.BlobType@5f049ea1
18:21:34,044 DEBUG BasicTypeRegistry:145 - Adding type registration materialized_blob -> org.hibernate.type.MaterializedBlobType@72035809
18:21:34,046 DEBUG BasicTypeRegistry:145 - Adding type registration clob -> org.hibernate.type.ClobType@402c4085
18:21:34,046 DEBUG BasicTypeRegistry:145 - Adding type registration java.sql.Clob -> org.hibernate.type.ClobType@402c4085
18:21:34,049 DEBUG BasicTypeRegistry:145 - Adding type registration nclob -> org.hibernate.type.NClobType@183ec003
18:21:34,049 DEBUG BasicTypeRegistry:145 - Adding type registration java.sql.NClob -> org.hibernate.type.NClobType@183ec003
18:21:34,049 DEBUG BasicTypeRegistry:145 - Adding type registration materialized_clob -> org.hibernate.type.MaterializedClobType@451001e5
18:21:34,050 DEBUG BasicTypeRegistry:145 - Adding type registration materialized_nclob -> org.hibernate.type.MaterializedNClobType@4d1c005e
18:21:34,051 DEBUG BasicTypeRegistry:145 - Adding type registration serializable -> org.hibernate.type.SerializableType@7188af83
18:21:34,053 DEBUG BasicTypeRegistry:145 - Adding type registration object -> org.hibernate.type.ObjectType@792b749c
18:21:34,053 DEBUG BasicTypeRegistry:145 - Adding type registration java.lang.Object -> org.hibernate.type.ObjectType@792b749c
18:21:34,053 DEBUG BasicTypeRegistry:145 - Adding type registration imm_date -> org.hibernate.type.AdaptedImmutableType@73eb439a
18:21:34,053 DEBUG BasicTypeRegistry:145 - Adding type registration imm_time -> org.hibernate.type.AdaptedImmutableType@514646ef
18:21:34,053 DEBUG BasicTypeRegistry:145 - Adding type registration imm_timestamp -> org.hibernate.type.AdaptedImmutableType@305ffe9e
18:21:34,053 DEBUG BasicTypeRegistry:145 - Adding type registration imm_dbtimestamp -> org.hibernate.type.AdaptedImmutableType@302c971f
18:21:34,053 DEBUG BasicTypeRegistry:145 - Adding type registration imm_calendar -> org.hibernate.type.AdaptedImmutableType@1972e513
18:21:34,053 DEBUG BasicTypeRegistry:145 - Adding type registration imm_calendar_date -> org.hibernate.type.AdaptedImmutableType@7ae0a9ec
18:21:34,053 DEBUG BasicTypeRegistry:145 - Adding type registration imm_binary -> org.hibernate.type.AdaptedImmutableType@35841320
18:21:34,054 DEBUG BasicTypeRegistry:145 - Adding type registration imm_serializable -> org.hibernate.type.AdaptedImmutableType@61c4eee0
18:21:34,060  WARN pooling:70 - HHH10001002: Using Hibernate built-in connection pool (not for production use!)
18:22:30,079  INFO Version:45 - HHH000412: Hibernate Core {5.2.6.Final}
18:22:30,082  INFO Environment:213 - HHH000206: hibernate.properties not found
18:22:30,110  WARN deprecation:91 - HHH90000012: Recognized obsolete hibernate namespace http://hibernate.sourceforge.net/hibernate-configuration. Use namespace http://www.hibernate.org/dtd/hibernate-configuration instead.  Support for obsolete DTD/XSD namespaces may be removed at any time.
18:22:30,363  INFO Version:66 - HCANN000001: Hibernate Commons Annotations {5.0.1.Final}
18:22:30,381  WARN deprecation:75 - HHH90000012: Recognized obsolete hibernate namespace http://hibernate.sourceforge.net/hibernate-mapping. Use namespace http://www.hibernate.org/dtd/hibernate-mapping instead.  Support for obsolete DTD/XSD namespaces may be removed at any time.
18:22:31,148  WARN deprecation:75 - HHH90000012: Recognized obsolete hibernate namespace http://hibernate.sourceforge.net/hibernate-mapping. Use namespace http://www.hibernate.org/dtd/hibernate-mapping instead.  Support for obsolete DTD/XSD namespaces may be removed at any time.
18:22:31,182 DEBUG BasicTypeRegistry:145 - Adding type registration boolean -> org.hibernate.type.BooleanType@2fb3536e
18:22:31,182 DEBUG BasicTypeRegistry:145 - Adding type registration boolean -> org.hibernate.type.BooleanType@2fb3536e
18:22:31,182 DEBUG BasicTypeRegistry:145 - Adding type registration java.lang.Boolean -> org.hibernate.type.BooleanType@2fb3536e
18:22:31,183 DEBUG BasicTypeRegistry:145 - Adding type registration numeric_boolean -> org.hibernate.type.NumericBooleanType@22ef9844
18:22:31,184 DEBUG BasicTypeRegistry:145 - Adding type registration true_false -> org.hibernate.type.TrueFalseType@2f217633
18:22:31,184 DEBUG BasicTypeRegistry:145 - Adding type registration yes_no -> org.hibernate.type.YesNoType@5acf93bb
18:22:31,186 DEBUG BasicTypeRegistry:145 - Adding type registration byte -> org.hibernate.type.ByteType@1af2d44a
18:22:31,186 DEBUG BasicTypeRegistry:145 - Adding type registration byte -> org.hibernate.type.ByteType@1af2d44a
18:22:31,186 DEBUG BasicTypeRegistry:145 - Adding type registration java.lang.Byte -> org.hibernate.type.ByteType@1af2d44a
18:22:31,187 DEBUG BasicTypeRegistry:145 - Adding type registration character -> org.hibernate.type.CharacterType@f5acb9d
18:22:31,188 DEBUG BasicTypeRegistry:145 - Adding type registration char -> org.hibernate.type.CharacterType@f5acb9d
18:22:31,188 DEBUG BasicTypeRegistry:145 - Adding type registration java.lang.Character -> org.hibernate.type.CharacterType@f5acb9d
18:22:31,189 DEBUG BasicTypeRegistry:145 - Adding type registration short -> org.hibernate.type.ShortType@741a8937
18:22:31,190 DEBUG BasicTypeRegistry:145 - Adding type registration short -> org.hibernate.type.ShortType@741a8937
18:22:31,190 DEBUG BasicTypeRegistry:145 - Adding type registration java.lang.Short -> org.hibernate.type.ShortType@741a8937
18:22:31,191 DEBUG BasicTypeRegistry:145 - Adding type registration integer -> org.hibernate.type.IntegerType@bae7dc0
18:22:31,191 DEBUG BasicTypeRegistry:145 - Adding type registration int -> org.hibernate.type.IntegerType@bae7dc0
18:22:31,191 DEBUG BasicTypeRegistry:145 - Adding type registration java.lang.Integer -> org.hibernate.type.IntegerType@bae7dc0
18:22:31,192 DEBUG BasicTypeRegistry:145 - Adding type registration long -> org.hibernate.type.LongType@43dac38f
18:22:31,193 DEBUG BasicTypeRegistry:145 - Adding type registration long -> org.hibernate.type.LongType@43dac38f
18:22:31,193 DEBUG BasicTypeRegistry:145 - Adding type registration java.lang.Long -> org.hibernate.type.LongType@43dac38f
18:22:31,194 DEBUG BasicTypeRegistry:145 - Adding type registration float -> org.hibernate.type.FloatType@7c711375
18:22:31,195 DEBUG BasicTypeRegistry:145 - Adding type registration float -> org.hibernate.type.FloatType@7c711375
18:22:31,195 DEBUG BasicTypeRegistry:145 - Adding type registration java.lang.Float -> org.hibernate.type.FloatType@7c711375
18:22:31,196 DEBUG BasicTypeRegistry:145 - Adding type registration double -> org.hibernate.type.DoubleType@3ee37e5a
18:22:31,197 DEBUG BasicTypeRegistry:145 - Adding type registration double -> org.hibernate.type.DoubleType@3ee37e5a
18:22:31,197 DEBUG BasicTypeRegistry:145 - Adding type registration java.lang.Double -> org.hibernate.type.DoubleType@3ee37e5a
18:22:31,199 DEBUG BasicTypeRegistry:145 - Adding type registration big_decimal -> org.hibernate.type.BigDecimalType@53ce1329
18:22:31,199 DEBUG BasicTypeRegistry:145 - Adding type registration java.math.BigDecimal -> org.hibernate.type.BigDecimalType@53ce1329
18:22:31,201 DEBUG BasicTypeRegistry:145 - Adding type registration big_integer -> org.hibernate.type.BigIntegerType@729d991e
18:22:31,201 DEBUG BasicTypeRegistry:145 - Adding type registration java.math.BigInteger -> org.hibernate.type.BigIntegerType@729d991e
18:22:31,202 DEBUG BasicTypeRegistry:145 - Adding type registration string -> org.hibernate.type.StringType@4dbb42b7
18:22:31,203 DEBUG BasicTypeRegistry:145 - Adding type registration java.lang.String -> org.hibernate.type.StringType@4dbb42b7
18:22:31,204 DEBUG BasicTypeRegistry:145 - Adding type registration nstring -> org.hibernate.type.StringNVarcharType@7bab3f1a
18:22:31,205 DEBUG BasicTypeRegistry:145 - Adding type registration ncharacter -> org.hibernate.type.CharacterNCharType@12aba8be
18:22:31,206 DEBUG BasicTypeRegistry:145 - Adding type registration url -> org.hibernate.type.UrlType@71a8adcf
18:22:31,207 DEBUG BasicTypeRegistry:145 - Adding type registration java.net.URL -> org.hibernate.type.UrlType@71a8adcf
18:22:31,208 DEBUG BasicTypeRegistry:145 - Adding type registration Duration -> org.hibernate.type.DurationType@47e2e487
18:22:31,208 DEBUG BasicTypeRegistry:145 - Adding type registration java.time.Duration -> org.hibernate.type.DurationType@47e2e487
18:22:31,221 DEBUG BasicTypeRegistry:145 - Adding type registration Instant -> org.hibernate.type.InstantType@52b1beb6
18:22:31,221 DEBUG BasicTypeRegistry:145 - Adding type registration java.time.Instant -> org.hibernate.type.InstantType@52b1beb6
18:22:31,223 DEBUG BasicTypeRegistry:145 - Adding type registration LocalDateTime -> org.hibernate.type.LocalDateTimeType@73e9cf30
18:22:31,223 DEBUG BasicTypeRegistry:145 - Adding type registration java.time.LocalDateTime -> org.hibernate.type.LocalDateTimeType@73e9cf30
18:22:31,224 DEBUG BasicTypeRegistry:145 - Adding type registration LocalDate -> org.hibernate.type.LocalDateType@1ed6388a
18:22:31,225 DEBUG BasicTypeRegistry:145 - Adding type registration java.time.LocalDate -> org.hibernate.type.LocalDateType@1ed6388a
18:22:31,227 DEBUG BasicTypeRegistry:145 - Adding type registration LocalTime -> org.hibernate.type.LocalTimeType@5e600dd5
18:22:31,227 DEBUG BasicTypeRegistry:145 - Adding type registration java.time.LocalTime -> org.hibernate.type.LocalTimeType@5e600dd5
18:22:31,229 DEBUG BasicTypeRegistry:145 - Adding type registration OffsetDateTime -> org.hibernate.type.OffsetDateTimeType@4d5650ae
18:22:31,229 DEBUG BasicTypeRegistry:145 - Adding type registration java.time.OffsetDateTime -> org.hibernate.type.OffsetDateTimeType@4d5650ae
18:22:31,231 DEBUG BasicTypeRegistry:145 - Adding type registration OffsetTime -> org.hibernate.type.OffsetTimeType@6221a451
18:22:31,231 DEBUG BasicTypeRegistry:145 - Adding type registration java.time.OffsetTime -> org.hibernate.type.OffsetTimeType@6221a451
18:22:31,235 DEBUG BasicTypeRegistry:145 - Adding type registration ZonedDateTime -> org.hibernate.type.ZonedDateTimeType@f09733f
18:22:31,236 DEBUG BasicTypeRegistry:145 - Adding type registration java.time.ZonedDateTime -> org.hibernate.type.ZonedDateTimeType@f09733f
18:22:31,237 DEBUG BasicTypeRegistry:145 - Adding type registration date -> org.hibernate.type.DateType@1ffaf86
18:22:31,237 DEBUG BasicTypeRegistry:145 - Adding type registration java.sql.Date -> org.hibernate.type.DateType@1ffaf86
18:22:31,239 DEBUG BasicTypeRegistry:145 - Adding type registration time -> org.hibernate.type.TimeType@20140db9
18:22:31,239 DEBUG BasicTypeRegistry:145 - Adding type registration java.sql.Time -> org.hibernate.type.TimeType@20140db9
18:22:31,240 DEBUG BasicTypeRegistry:145 - Adding type registration timestamp -> org.hibernate.type.TimestampType@55a147cc
18:22:31,240 DEBUG BasicTypeRegistry:145 - Adding type registration java.sql.Timestamp -> org.hibernate.type.TimestampType@55a147cc
18:22:31,241 DEBUG BasicTypeRegistry:145 - Adding type registration java.util.Date -> org.hibernate.type.TimestampType@55a147cc
18:22:31,243 DEBUG BasicTypeRegistry:145 - Adding type registration dbtimestamp -> org.hibernate.type.DbTimestampType@3c77d488
18:22:31,244 DEBUG BasicTypeRegistry:145 - Adding type registration calendar -> org.hibernate.type.CalendarType@5ab956d7
18:22:31,245 DEBUG BasicTypeRegistry:145 - Adding type registration java.util.Calendar -> org.hibernate.type.CalendarType@5ab956d7
18:22:31,245 DEBUG BasicTypeRegistry:145 - Adding type registration java.util.GregorianCalendar -> org.hibernate.type.CalendarType@5ab956d7
18:22:31,246 DEBUG BasicTypeRegistry:145 - Adding type registration calendar_date -> org.hibernate.type.CalendarDateType@3e27aa33
18:22:31,248 DEBUG BasicTypeRegistry:145 - Adding type registration locale -> org.hibernate.type.LocaleType@46cdf8bd
18:22:31,248 DEBUG BasicTypeRegistry:145 - Adding type registration java.util.Locale -> org.hibernate.type.LocaleType@46cdf8bd
18:22:31,250 DEBUG BasicTypeRegistry:145 - Adding type registration currency -> org.hibernate.type.CurrencyType@644baf4a
18:22:31,250 DEBUG BasicTypeRegistry:145 - Adding type registration java.util.Currency -> org.hibernate.type.CurrencyType@644baf4a
18:22:31,252 DEBUG BasicTypeRegistry:145 - Adding type registration timezone -> org.hibernate.type.TimeZoneType@2a265ea9
18:22:31,252 DEBUG BasicTypeRegistry:145 - Adding type registration java.util.TimeZone -> org.hibernate.type.TimeZoneType@2a265ea9
18:22:31,253 DEBUG BasicTypeRegistry:145 - Adding type registration class -> org.hibernate.type.ClassType@2e8c1c9b
18:22:31,253 DEBUG BasicTypeRegistry:145 - Adding type registration java.lang.Class -> org.hibernate.type.ClassType@2e8c1c9b
18:22:31,255 DEBUG BasicTypeRegistry:145 - Adding type registration uuid-binary -> org.hibernate.type.UUIDBinaryType@4b741d6d
18:22:31,255 DEBUG BasicTypeRegistry:145 - Adding type registration java.util.UUID -> org.hibernate.type.UUIDBinaryType@4b741d6d
18:22:31,256 DEBUG BasicTypeRegistry:145 - Adding type registration uuid-char -> org.hibernate.type.UUIDCharType@470734c3
18:22:31,257 DEBUG BasicTypeRegistry:145 - Adding type registration binary -> org.hibernate.type.BinaryType@25ce9dc4
18:22:31,257 DEBUG BasicTypeRegistry:145 - Adding type registration byte[] -> org.hibernate.type.BinaryType@25ce9dc4
18:22:31,257 DEBUG BasicTypeRegistry:145 - Adding type registration [B -> org.hibernate.type.BinaryType@25ce9dc4
18:22:31,258 DEBUG BasicTypeRegistry:145 - Adding type registration wrapper-binary -> org.hibernate.type.WrapperBinaryType@2af004b
18:22:31,258 DEBUG BasicTypeRegistry:145 - Adding type registration Byte[] -> org.hibernate.type.WrapperBinaryType@2af004b
18:22:31,258 DEBUG BasicTypeRegistry:145 - Adding type registration [Ljava.lang.Byte; -> org.hibernate.type.WrapperBinaryType@2af004b
18:22:31,259 DEBUG BasicTypeRegistry:145 - Adding type registration row_version -> org.hibernate.type.RowVersionType@563f38c4
18:22:31,260 DEBUG BasicTypeRegistry:145 - Adding type registration image -> org.hibernate.type.ImageType@7ef82753
18:22:31,261 DEBUG BasicTypeRegistry:145 - Adding type registration characters -> org.hibernate.type.CharArrayType@58cbafc2
18:22:31,261 DEBUG BasicTypeRegistry:145 - Adding type registration char[] -> org.hibernate.type.CharArrayType@58cbafc2
18:22:31,261 DEBUG BasicTypeRegistry:145 - Adding type registration [C -> org.hibernate.type.CharArrayType@58cbafc2
18:22:31,262 DEBUG BasicTypeRegistry:145 - Adding type registration wrapper-characters -> org.hibernate.type.CharacterArrayType@74e28667
18:22:31,262 DEBUG BasicTypeRegistry:145 - Adding type registration [Ljava.lang.Character; -> org.hibernate.type.CharacterArrayType@74e28667
18:22:31,262 DEBUG BasicTypeRegistry:145 - Adding type registration Character[] -> org.hibernate.type.CharacterArrayType@74e28667
18:22:31,263 DEBUG BasicTypeRegistry:145 - Adding type registration text -> org.hibernate.type.TextType@53045c6c
18:22:31,263 DEBUG BasicTypeRegistry:145 - Adding type registration ntext -> org.hibernate.type.NTextType@548d708a
18:22:31,267 DEBUG BasicTypeRegistry:145 - Adding type registration blob -> org.hibernate.type.BlobType@5f049ea1
18:22:31,267 DEBUG BasicTypeRegistry:145 - Adding type registration java.sql.Blob -> org.hibernate.type.BlobType@5f049ea1
18:22:31,267 DEBUG BasicTypeRegistry:145 - Adding type registration materialized_blob -> org.hibernate.type.MaterializedBlobType@72035809
18:22:31,270 DEBUG BasicTypeRegistry:145 - Adding type registration clob -> org.hibernate.type.ClobType@402c4085
18:22:31,271 DEBUG BasicTypeRegistry:145 - Adding type registration java.sql.Clob -> org.hibernate.type.ClobType@402c4085
18:22:31,274 DEBUG BasicTypeRegistry:145 - Adding type registration nclob -> org.hibernate.type.NClobType@183ec003
18:22:31,274 DEBUG BasicTypeRegistry:145 - Adding type registration java.sql.NClob -> org.hibernate.type.NClobType@183ec003
18:22:31,275 DEBUG BasicTypeRegistry:145 - Adding type registration materialized_clob -> org.hibernate.type.MaterializedClobType@451001e5
18:22:31,275 DEBUG BasicTypeRegistry:145 - Adding type registration materialized_nclob -> org.hibernate.type.MaterializedNClobType@4d1c005e
18:22:31,276 DEBUG BasicTypeRegistry:145 - Adding type registration serializable -> org.hibernate.type.SerializableType@7188af83
18:22:31,278 DEBUG BasicTypeRegistry:145 - Adding type registration object -> org.hibernate.type.ObjectType@792b749c
18:22:31,279 DEBUG BasicTypeRegistry:145 - Adding type registration java.lang.Object -> org.hibernate.type.ObjectType@792b749c
18:22:31,279 DEBUG BasicTypeRegistry:145 - Adding type registration imm_date -> org.hibernate.type.AdaptedImmutableType@73eb439a
18:22:31,279 DEBUG BasicTypeRegistry:145 - Adding type registration imm_time -> org.hibernate.type.AdaptedImmutableType@514646ef
18:22:31,279 DEBUG BasicTypeRegistry:145 - Adding type registration imm_timestamp -> org.hibernate.type.AdaptedImmutableType@305ffe9e
18:22:31,279 DEBUG BasicTypeRegistry:145 - Adding type registration imm_dbtimestamp -> org.hibernate.type.AdaptedImmutableType@302c971f
18:22:31,280 DEBUG BasicTypeRegistry:145 - Adding type registration imm_calendar -> org.hibernate.type.AdaptedImmutableType@1972e513
18:22:31,280 DEBUG BasicTypeRegistry:145 - Adding type registration imm_calendar_date -> org.hibernate.type.AdaptedImmutableType@7ae0a9ec
18:22:31,280 DEBUG BasicTypeRegistry:145 - Adding type registration imm_binary -> org.hibernate.type.AdaptedImmutableType@35841320
18:22:31,280 DEBUG BasicTypeRegistry:145 - Adding type registration imm_serializable -> org.hibernate.type.AdaptedImmutableType@61c4eee0
18:22:31,287  WARN pooling:70 - HHH10001002: Using Hibernate built-in connection pool (not for production use!)
18:22:31,292  INFO pooling:126 - HHH10001005: using driver [com.mysql.cj.jdbc.Driver] at URL [jdbc:mysql://localhost:3306/mkyong]
18:22:31,292  INFO pooling:135 - HHH10001001: Connection properties: {user=root, password=****}
18:22:31,292  INFO pooling:140 - HHH10001003: Autocommit mode: false
18:22:31,295  INFO DriverManagerConnectionProviderImpl:41 - HHH000115: Hibernate connection pool size: 20 (min=1)
